{"timestamp":"2025-09-27T13:49:29.611744","level":"info","event":"DAG bundles loaded: dags-folder","logger":"airflow.dag_processing.bundles.manager.DagBundlesManager"}
{"timestamp":"2025-09-27T13:49:29.613117","level":"info","event":"Filling up the DagBag from /opt/airflow/dags/operator_bash.py","logger":"airflow.models.dagbag.DagBag"}
{"timestamp":"2025-09-27T13:49:34.486870","level":"info","event":"Tmp dir root location: /tmp","logger":"airflow.task.hooks.airflow.providers.standard.hooks.subprocess.SubprocessHook"}
{"timestamp":"2025-09-27T13:49:34.488216","level":"info","event":"Running command: ['/usr/bin/bash', '-c', 'echo hello']","logger":"airflow.task.hooks.airflow.providers.standard.hooks.subprocess.SubprocessHook"}
{"timestamp":"2025-09-27T13:49:34.511076","level":"info","event":"Output:","logger":"airflow.task.hooks.airflow.providers.standard.hooks.subprocess.SubprocessHook"}
{"timestamp":"2025-09-27T13:49:34.514121","level":"info","event":"hello","logger":"airflow.task.hooks.airflow.providers.standard.hooks.subprocess.SubprocessHook"}
{"timestamp":"2025-09-27T13:49:34.514542","level":"info","event":"Command exited with return code 0","logger":"airflow.task.hooks.airflow.providers.standard.hooks.subprocess.SubprocessHook"}
{"timestamp":"2025-09-27T13:49:34.515826","level":"info","event":"Pushing xcom","ti":"RuntimeTaskInstance(id=UUID('01998b6f-845d-72ca-b375-ff4f5c1cd85b'), task_id='hello', dag_id='demo', run_id='scheduled__2025-09-27T00:00:00+00:00', try_number=1, map_index=-1, hostname='c08e6cf9c78b', context_carrier=None, task=<Task(BashOperator): hello>, bundle_instance=LocalDagBundle(name=dags-folder), max_tries=0, start_date=datetime.datetime(2025, 9, 27, 13, 49, 26, 582757, tzinfo=datetime.timezone.utc), end_date=None, state=<TaskInstanceState.RUNNING: 'running'>, is_mapped=False, rendered_map_index=None, log_url='http://localhost:8080/dags/demo/runs/scheduled__2025-09-27T00%3A00%3A00%2B00%3A00/tasks/hello?try_number=1')","logger":"task"}
{"timestamp":"2025-09-27T14:02:59.057729Z","level":"info","event":"DAG bundles loaded: dags-folder","logger":"airflow.dag_processing.bundles.manager.DagBundlesManager","filename":"manager.py","lineno":179}
{"timestamp":"2025-09-27T14:02:59.059905Z","level":"info","event":"Filling up the DagBag from /opt/airflow/dags/operator_bash.py","logger":"airflow.models.dagbag.DagBag","filename":"dagbag.py","lineno":593}
{"timestamp":"2025-09-27T14:03:05.427599Z","level":"info","event":"Tmp dir root location: /tmp","logger":"airflow.task.hooks.airflow.providers.standard.hooks.subprocess.SubprocessHook","filename":"subprocess.py","lineno":78}
{"timestamp":"2025-09-27T14:03:05.429247Z","level":"info","event":"Running command: ['/usr/bin/bash', '-c', 'echo hello']","logger":"airflow.task.hooks.airflow.providers.standard.hooks.subprocess.SubprocessHook","filename":"subprocess.py","lineno":88}
{"timestamp":"2025-09-27T14:03:05.480975Z","level":"info","event":"Output:","logger":"airflow.task.hooks.airflow.providers.standard.hooks.subprocess.SubprocessHook","filename":"subprocess.py","lineno":99}
{"timestamp":"2025-09-27T14:03:05.489298Z","level":"info","event":"hello","logger":"airflow.task.hooks.airflow.providers.standard.hooks.subprocess.SubprocessHook","filename":"subprocess.py","lineno":106}
{"timestamp":"2025-09-27T14:03:05.489854Z","level":"info","event":"Command exited with return code 0","logger":"airflow.task.hooks.airflow.providers.standard.hooks.subprocess.SubprocessHook","filename":"subprocess.py","lineno":110}
{"timestamp":"2025-09-27T14:03:05.491816Z","level":"info","event":"Pushing xcom","ti":"RuntimeTaskInstance(id=UUID('01998b7b-dc22-7ba7-b5fc-b4570f17ec1b'), task_id='hello', dag_id='demo', run_id='scheduled__2025-09-27T00:00:00+00:00', try_number=1, dag_version_id=UUID('01998b7a-e7c8-7a16-9f3a-34389fd8f264'), map_index=-1, hostname='00a20b798de2', context_carrier={}, task=<Task(BashOperator): hello>, bundle_instance=LocalDagBundle(name=dags-folder), max_tries=0, start_date=datetime.datetime(2025, 9, 27, 14, 2, 54, 835608, tzinfo=datetime.timezone.utc), end_date=None, state=<TaskInstanceState.RUNNING: 'running'>, is_mapped=False, rendered_map_index=None)","logger":"task","filename":"task_runner.py","lineno":1352}
{"timestamp":"2025-09-27T15:10:37.973142Z","level":"info","event":"DAG bundles loaded: dags-folder","logger":"airflow.dag_processing.bundles.manager.DagBundlesManager","filename":"manager.py","lineno":179}
{"timestamp":"2025-09-27T15:10:37.977970Z","level":"info","event":"Filling up the DagBag from /opt/airflow/dags/operator_bash.py","logger":"airflow.models.dagbag.DagBag","filename":"dagbag.py","lineno":593}
{"timestamp":"2025-09-27T15:10:40.244558Z","level":"warning","event":"The `airflow.sensors.base.poke_mode_only` attribute is deprecated. Please use `'airflow.sdk.bases.sensor.poke_mode_only'`.","category":"DeprecatedImportWarning","filename":"/home/airflow/.local/lib/python3.11/site-packages/airflow/providers/amazon/aws/sensors/s3.py","lineno":39,"logger":"py.warnings"}
{"timestamp":"2025-09-27T15:10:42.974305Z","level":"info","event":"Tmp dir root location: /tmp","logger":"airflow.task.hooks.airflow.providers.standard.hooks.subprocess.SubprocessHook","filename":"subprocess.py","lineno":78}
{"timestamp":"2025-09-27T15:10:42.976585Z","level":"info","event":"Running command: ['/usr/bin/bash', '-c', 'echo hello']","logger":"airflow.task.hooks.airflow.providers.standard.hooks.subprocess.SubprocessHook","filename":"subprocess.py","lineno":88}
{"timestamp":"2025-09-27T15:10:42.999540Z","level":"info","event":"Output:","logger":"airflow.task.hooks.airflow.providers.standard.hooks.subprocess.SubprocessHook","filename":"subprocess.py","lineno":99}
{"timestamp":"2025-09-27T15:10:43.005761Z","level":"info","event":"hello","logger":"airflow.task.hooks.airflow.providers.standard.hooks.subprocess.SubprocessHook","filename":"subprocess.py","lineno":106}
{"timestamp":"2025-09-27T15:10:43.006144Z","level":"info","event":"Command exited with return code 0","logger":"airflow.task.hooks.airflow.providers.standard.hooks.subprocess.SubprocessHook","filename":"subprocess.py","lineno":110}
{"timestamp":"2025-09-27T15:10:43.007560Z","level":"info","event":"Pushing xcom","ti":"RuntimeTaskInstance(id=UUID('01998bb9-c365-7456-936b-8c16e7be4406'), task_id='hello', dag_id='demo', run_id='scheduled__2025-09-27T00:00:00+00:00', try_number=1, dag_version_id=UUID('01998baf-fc4e-72a7-b1c0-f3b100c0076a'), map_index=-1, hostname='93e631002494', context_carrier={}, task=<Task(BashOperator): hello>, bundle_instance=LocalDagBundle(name=dags-folder), max_tries=0, start_date=datetime.datetime(2025, 9, 27, 15, 10, 31, 855613, tzinfo=datetime.timezone.utc), end_date=None, state=<TaskInstanceState.RUNNING: 'running'>, is_mapped=False, rendered_map_index=None)","logger":"task","filename":"task_runner.py","lineno":1352}
