[0m07:56:33.204143 [debug] [MainThread]: Sending event: {'category': 'dbt', 'action': 'invocation', 'label': 'start', 'context': [<snowplow_tracker.self_describing_json.SelfDescribingJson object at 0x0000022CFF3A4EC0>, <snowplow_tracker.self_describing_json.SelfDescribingJson object at 0x0000022CFD0D9E50>, <snowplow_tracker.self_describing_json.SelfDescribingJson object at 0x0000022C80583C50>]}


============================== 07:56:33.240723 | 6de14cad-84e3-4561-884a-7c39c03cde03 ==============================
[0m07:56:33.240723 [info ] [MainThread]: Running with dbt=1.10.13
[0m07:56:33.242501 [debug] [MainThread]: running dbt with arguments {'partial_parse': 'True', 'static_parser': 'True', 'send_anonymous_usage_stats': 'True', 'version_check': 'True', 'cache_selected_only': 'False', 'target_path': 'None', 'use_colors': 'True', 'invocation_command': 'dbt init', 'log_format': 'default', 'warn_error': 'None', 'introspect': 'True', 'debug': 'False', 'log_cache_events': 'False', 'fail_fast': 'False', 'no_print': 'None', 'quiet': 'False', 'use_experimental_parser': 'False', 'empty': 'None', 'printer_width': '80', 'indirect_selection': 'eager', 'log_path': 'logs', 'profiles_dir': 'C:\\Users\\Ivan Manuel\\.dbt', 'warn_error_options': 'WarnErrorOptionsV2(error=[], warn=[], silence=[])', 'write_json': 'True'}
[0m07:57:00.204466 [debug] [MainThread]: Starter project path: C:\Users\Ivan Manuel\Desktop\Online Courses\Learn_Data_Engineer\dbt_minio_postgres\venv\Lib\site-packages\dbt\include\starter_project
[0m07:57:00.293369 [info ] [MainThread]: 
Your new dbt project "dbt_s3" was created!

For more information on how to configure the profiles.yml file,
please consult the dbt documentation here:

  https://docs.getdbt.com/docs/configure-your-profile

One more thing:

Need help? Don't hesitate to reach out to us via GitHub issues or on Slack:

  https://community.getdbt.com/

Happy modeling!

[0m07:57:00.295103 [info ] [MainThread]: Setting up your profile.
[0m07:58:46.782151 [info ] [MainThread]: Profile dbt_s3 written to C:\Users\Ivan Manuel\.dbt\profiles.yml using target's profile_template.yml and your supplied values. Run 'dbt debug' to validate the connection.
[0m07:58:46.788934 [debug] [MainThread]: Command `dbt init` succeeded at 07:58:46.788634 after 133.90 seconds
[0m07:58:46.789731 [debug] [MainThread]: Sending event: {'category': 'dbt', 'action': 'invocation', 'label': 'end', 'context': [<snowplow_tracker.self_describing_json.SelfDescribingJson object at 0x0000022C81784050>, <snowplow_tracker.self_describing_json.SelfDescribingJson object at 0x0000022C815DF650>, <snowplow_tracker.self_describing_json.SelfDescribingJson object at 0x0000022C80475AE0>]}
[0m07:58:46.790623 [debug] [MainThread]: Flushing usage events
[0m07:58:48.895640 [debug] [MainThread]: An error was encountered while trying to flush usage events
[0m07:59:12.042553 [debug] [MainThread]: Sending event: {'category': 'dbt', 'action': 'invocation', 'label': 'start', 'context': [<snowplow_tracker.self_describing_json.SelfDescribingJson object at 0x000001B2681A4EC0>, <snowplow_tracker.self_describing_json.SelfDescribingJson object at 0x000001B265ED9E50>, <snowplow_tracker.self_describing_json.SelfDescribingJson object at 0x000001B2692E3C50>]}


============================== 07:59:12.058833 | 1f47c646-594f-4f2b-b384-d62c7ceeeec9 ==============================
[0m07:59:12.058833 [info ] [MainThread]: Running with dbt=1.10.13
[0m07:59:12.060667 [debug] [MainThread]: running dbt with arguments {'partial_parse': 'True', 'profiles_dir': 'C:\\Users\\Ivan Manuel\\.dbt', 'send_anonymous_usage_stats': 'True', 'warn_error': 'None', 'cache_selected_only': 'False', 'target_path': 'None', 'use_colors': 'True', 'invocation_command': 'dbt debug', 'log_format': 'default', 'version_check': 'True', 'introspect': 'True', 'debug': 'False', 'log_cache_events': 'False', 'fail_fast': 'False', 'no_print': 'None', 'use_experimental_parser': 'False', 'empty': 'None', 'printer_width': '80', 'quiet': 'False', 'indirect_selection': 'eager', 'log_path': 'logs', 'write_json': 'True', 'static_parser': 'True', 'warn_error_options': 'WarnErrorOptionsV2(error=[], warn=[], silence=[])'}
[0m07:59:12.109184 [info ] [MainThread]: dbt version: 1.10.13
[0m07:59:12.110478 [info ] [MainThread]: python version: 3.13.3
[0m07:59:12.111463 [info ] [MainThread]: python path: C:\Users\Ivan Manuel\Desktop\Online Courses\Learn_Data_Engineer\dbt_minio_postgres\venv\Scripts\python.exe
[0m07:59:12.112520 [info ] [MainThread]: os info: Windows-11-10.0.26100-SP0
[0m07:59:12.129101 [info ] [MainThread]: Error importing adapter: No module named 'dbt.adapters.snowflake'
[0m07:59:12.137504 [info ] [MainThread]: Error importing adapter: No module named 'dbt.adapters.snowflake'
[0m07:59:12.281907 [info ] [MainThread]: Error importing adapter: No module named 'dbt.adapters.snowflake'
[0m07:59:12.292075 [info ] [MainThread]: Error importing adapter: No module named 'dbt.adapters.bigquery'
[0m07:59:12.293469 [info ] [MainThread]: Using profiles dir at C:\Users\Ivan Manuel\.dbt
[0m07:59:12.294526 [info ] [MainThread]: Using profiles.yml file at C:\Users\Ivan Manuel\.dbt\profiles.yml
[0m07:59:12.295529 [info ] [MainThread]: Using dbt_project.yml file at C:\Users\Ivan Manuel\Desktop\Online Courses\Learn_Data_Engineer\dbt_minio_postgres\dbt_project.yml
[0m07:59:12.296908 [info ] [MainThread]: Configuration:
[0m07:59:12.298007 [info ] [MainThread]:   profiles.yml file [[31mERROR invalid[0m]
[0m07:59:12.299359 [info ] [MainThread]:   dbt_project.yml file [[31mERROR not found[0m]
[0m07:59:12.300515 [info ] [MainThread]: Required dependencies:
[0m07:59:12.301779 [debug] [MainThread]: Executing "git --help"
[0m07:59:12.393275 [debug] [MainThread]: STDOUT: "b"usage: git [-v | --version] [-h | --help] [-C <path>] [-c <name>=<value>]\n           [--exec-path[=<path>]] [--html-path] [--man-path] [--info-path]\n           [-p | --paginate | -P | --no-pager] [--no-replace-objects] [--no-lazy-fetch]\n           [--no-optional-locks] [--no-advice] [--bare] [--git-dir=<path>]\n           [--work-tree=<path>] [--namespace=<name>] [--config-env=<name>=<envvar>]\n           <command> [<args>]\n\nThese are common Git commands used in various situations:\n\nstart a working area (see also: git help tutorial)\n   clone     Clone a repository into a new directory\n   init      Create an empty Git repository or reinitialize an existing one\n\nwork on the current change (see also: git help everyday)\n   add       Add file contents to the index\n   mv        Move or rename a file, a directory, or a symlink\n   restore   Restore working tree files\n   rm        Remove files from the working tree and from the index\n\nexamine the history and state (see also: git help revisions)\n   bisect    Use binary search to find the commit that introduced a bug\n   diff      Show changes between commits, commit and working tree, etc\n   grep      Print lines matching a pattern\n   log       Show commit logs\n   show      Show various types of objects\n   status    Show the working tree status\n\ngrow, mark and tweak your common history\n   branch    List, create, or delete branches\n   commit    Record changes to the repository\n   merge     Join two or more development histories together\n   rebase    Reapply commits on top of another base tip\n   reset     Reset current HEAD to the specified state\n   switch    Switch branches\n   tag       Create, list, delete or verify a tag object signed with GPG\n\ncollaborate (see also: git help workflows)\n   fetch     Download objects and refs from another repository\n   pull      Fetch from and integrate with another repository or a local branch\n   push      Update remote refs along with associated objects\n\n'git help -a' and 'git help -g' list available subcommands and some\nconcept guides. See 'git help <command>' or 'git help <concept>'\nto read about a specific subcommand or concept.\nSee 'git help git' for an overview of the system.\n""
[0m07:59:12.394164 [debug] [MainThread]: STDERR: "b''"
[0m07:59:12.394961 [info ] [MainThread]:  - git [[32mOK found[0m]

[0m07:59:12.396031 [info ] [MainThread]: Connection test skipped since no profile was found
[0m07:59:12.396972 [info ] [MainThread]: [31m2 checks failed:[0m
[0m07:59:12.397818 [info ] [MainThread]: Could not load dbt_project.yml
Profile loading failed for the following reason:
Runtime Error
  Credentials in profile "data_pipeline", target "dev" invalid: Runtime Error
    Could not find adapter type snowflake!

Runtime Error
  Credentials in profile "data_pipeline_s3", target "dev" invalid: Runtime Error
    Could not find adapter type snowflake!

Runtime Error
  Credentials in profile "dbtlearn", target "dev" invalid: Runtime Error
    Could not find adapter type snowflake!

Runtime Error
  Credentials in profile "dibimbing", target "dev" invalid: Runtime Error
    Could not find adapter type bigquery!


[0m07:59:12.398842 [info ] [MainThread]: Project loading failed for the following reason:
 project path <C:\Users\Ivan Manuel\Desktop\Online Courses\Learn_Data_Engineer\dbt_minio_postgres\dbt_project.yml> not found

[0m07:59:12.400417 [debug] [MainThread]: Command `dbt debug` failed at 07:59:12.400159 after 0.71 seconds
[0m07:59:12.401262 [debug] [MainThread]: Sending event: {'category': 'dbt', 'action': 'invocation', 'label': 'end', 'context': [<snowplow_tracker.self_describing_json.SelfDescribingJson object at 0x000001B26A4C0D60>, <snowplow_tracker.self_describing_json.SelfDescribingJson object at 0x000001B26A4D1250>, <snowplow_tracker.self_describing_json.SelfDescribingJson object at 0x000001B26A3A0D10>]}
[0m07:59:12.402023 [debug] [MainThread]: Flushing usage events
[0m07:59:14.613431 [debug] [MainThread]: An error was encountered while trying to flush usage events
