{"timestamp":"2025-09-27T12:15:00.294725Z","level":"info","event":"Filling up the DagBag from /opt/airflow/dags/my_first_dag.py","logger":"airflow.models.dagbag.DagBag","filename":"dagbag.py","lineno":593}
{"timestamp":"2025-09-27T12:15:00.337879Z","level":"warning","event":"The `airflow.decorators.dag` attribute is deprecated. Please use `'airflow.sdk.dag'`.","category":"DeprecatedImportWarning","filename":"/opt/airflow/dags/my_first_dag.py","lineno":1,"logger":"py.warnings"}
{"timestamp":"2025-09-27T12:15:00.338286Z","level":"warning","event":"The `airflow.operators.empty.EmptyOperator` attribute is deprecated. Please use `'airflow.providers.standard.operators.empty.EmptyOperator'`.","category":"DeprecatedImportWarning","filename":"/opt/airflow/dags/my_first_dag.py","lineno":2,"logger":"py.warnings"}
{"timestamp":"2025-09-27T12:15:35.525532Z","level":"info","event":"Filling up the DagBag from /opt/airflow/dags/my_first_dag.py","logger":"airflow.models.dagbag.DagBag","filename":"dagbag.py","lineno":593}
{"timestamp":"2025-09-27T12:15:35.571715Z","level":"warning","event":"The `airflow.decorators.dag` attribute is deprecated. Please use `'airflow.sdk.dag'`.","category":"DeprecatedImportWarning","filename":"/opt/airflow/dags/my_first_dag.py","lineno":1,"logger":"py.warnings"}
{"timestamp":"2025-09-27T12:15:35.572010Z","level":"warning","event":"The `airflow.operators.empty.EmptyOperator` attribute is deprecated. Please use `'airflow.providers.standard.operators.empty.EmptyOperator'`.","category":"DeprecatedImportWarning","filename":"/opt/airflow/dags/my_first_dag.py","lineno":2,"logger":"py.warnings"}
{"timestamp":"2025-09-27T12:16:06.466292Z","level":"info","event":"Filling up the DagBag from /opt/airflow/dags/my_first_dag.py","logger":"airflow.models.dagbag.DagBag","filename":"dagbag.py","lineno":593}
{"timestamp":"2025-09-27T12:16:06.506002Z","level":"warning","event":"The `airflow.decorators.dag` attribute is deprecated. Please use `'airflow.sdk.dag'`.","category":"DeprecatedImportWarning","filename":"/opt/airflow/dags/my_first_dag.py","lineno":1,"logger":"py.warnings"}
{"timestamp":"2025-09-27T12:16:06.506303Z","level":"warning","event":"The `airflow.operators.empty.EmptyOperator` attribute is deprecated. Please use `'airflow.providers.standard.operators.empty.EmptyOperator'`.","category":"DeprecatedImportWarning","filename":"/opt/airflow/dags/my_first_dag.py","lineno":2,"logger":"py.warnings"}
{"timestamp":"2025-09-27T12:16:37.421357Z","level":"info","event":"Filling up the DagBag from /opt/airflow/dags/my_first_dag.py","logger":"airflow.models.dagbag.DagBag","filename":"dagbag.py","lineno":593}
{"timestamp":"2025-09-27T12:16:37.473035Z","level":"warning","event":"The `airflow.decorators.dag` attribute is deprecated. Please use `'airflow.sdk.dag'`.","category":"DeprecatedImportWarning","filename":"/opt/airflow/dags/my_first_dag.py","lineno":1,"logger":"py.warnings"}
{"timestamp":"2025-09-27T12:16:37.473514Z","level":"warning","event":"The `airflow.operators.empty.EmptyOperator` attribute is deprecated. Please use `'airflow.providers.standard.operators.empty.EmptyOperator'`.","category":"DeprecatedImportWarning","filename":"/opt/airflow/dags/my_first_dag.py","lineno":2,"logger":"py.warnings"}
{"timestamp":"2025-09-27T12:17:08.336113Z","level":"info","event":"Filling up the DagBag from /opt/airflow/dags/my_first_dag.py","logger":"airflow.models.dagbag.DagBag","filename":"dagbag.py","lineno":593}
{"timestamp":"2025-09-27T12:17:08.374496Z","level":"warning","event":"The `airflow.decorators.dag` attribute is deprecated. Please use `'airflow.sdk.dag'`.","category":"DeprecatedImportWarning","filename":"/opt/airflow/dags/my_first_dag.py","lineno":1,"logger":"py.warnings"}
{"timestamp":"2025-09-27T12:17:08.374709Z","level":"warning","event":"The `airflow.operators.empty.EmptyOperator` attribute is deprecated. Please use `'airflow.providers.standard.operators.empty.EmptyOperator'`.","category":"DeprecatedImportWarning","filename":"/opt/airflow/dags/my_first_dag.py","lineno":2,"logger":"py.warnings"}
{"timestamp":"2025-09-27T12:17:39.249061Z","level":"info","event":"Filling up the DagBag from /opt/airflow/dags/my_first_dag.py","logger":"airflow.models.dagbag.DagBag","filename":"dagbag.py","lineno":593}
{"timestamp":"2025-09-27T12:17:39.290648Z","level":"warning","event":"The `airflow.decorators.dag` attribute is deprecated. Please use `'airflow.sdk.dag'`.","category":"DeprecatedImportWarning","filename":"/opt/airflow/dags/my_first_dag.py","lineno":1,"logger":"py.warnings"}
{"timestamp":"2025-09-27T12:17:39.291063Z","level":"warning","event":"The `airflow.operators.empty.EmptyOperator` attribute is deprecated. Please use `'airflow.providers.standard.operators.empty.EmptyOperator'`.","category":"DeprecatedImportWarning","filename":"/opt/airflow/dags/my_first_dag.py","lineno":2,"logger":"py.warnings"}
{"timestamp":"2025-09-27T12:18:10.140164Z","level":"info","event":"Filling up the DagBag from /opt/airflow/dags/my_first_dag.py","logger":"airflow.models.dagbag.DagBag","filename":"dagbag.py","lineno":593}
{"timestamp":"2025-09-27T12:18:10.183353Z","level":"warning","event":"The `airflow.decorators.dag` attribute is deprecated. Please use `'airflow.sdk.dag'`.","category":"DeprecatedImportWarning","filename":"/opt/airflow/dags/my_first_dag.py","lineno":1,"logger":"py.warnings"}
{"timestamp":"2025-09-27T12:18:10.183705Z","level":"warning","event":"The `airflow.operators.empty.EmptyOperator` attribute is deprecated. Please use `'airflow.providers.standard.operators.empty.EmptyOperator'`.","category":"DeprecatedImportWarning","filename":"/opt/airflow/dags/my_first_dag.py","lineno":2,"logger":"py.warnings"}
{"timestamp":"2025-09-27T12:18:41.093926Z","level":"info","event":"Filling up the DagBag from /opt/airflow/dags/my_first_dag.py","logger":"airflow.models.dagbag.DagBag","filename":"dagbag.py","lineno":593}
{"timestamp":"2025-09-27T12:18:41.132616Z","level":"warning","event":"The `airflow.decorators.dag` attribute is deprecated. Please use `'airflow.sdk.dag'`.","category":"DeprecatedImportWarning","filename":"/opt/airflow/dags/my_first_dag.py","lineno":1,"logger":"py.warnings"}
{"timestamp":"2025-09-27T12:18:41.132941Z","level":"warning","event":"The `airflow.operators.empty.EmptyOperator` attribute is deprecated. Please use `'airflow.providers.standard.operators.empty.EmptyOperator'`.","category":"DeprecatedImportWarning","filename":"/opt/airflow/dags/my_first_dag.py","lineno":2,"logger":"py.warnings"}
{"timestamp":"2025-09-27T12:28:59.095197Z","level":"info","event":"Filling up the DagBag from /opt/airflow/dags/my_first_dag.py","logger":"airflow.models.dagbag.DagBag","filename":"dagbag.py","lineno":593}
{"timestamp":"2025-09-27T12:28:59.150048Z","level":"warning","event":"The `airflow.decorators.dag` attribute is deprecated. Please use `'airflow.sdk.dag'`.","category":"DeprecatedImportWarning","filename":"/opt/airflow/dags/my_first_dag.py","lineno":1,"logger":"py.warnings"}
{"timestamp":"2025-09-27T12:28:59.150426Z","level":"warning","event":"The `airflow.operators.empty.EmptyOperator` attribute is deprecated. Please use `'airflow.providers.standard.operators.empty.EmptyOperator'`.","category":"DeprecatedImportWarning","filename":"/opt/airflow/dags/my_first_dag.py","lineno":2,"logger":"py.warnings"}
{"timestamp":"2025-09-27T12:29:34.373222Z","level":"info","event":"Filling up the DagBag from /opt/airflow/dags/my_first_dag.py","logger":"airflow.models.dagbag.DagBag","filename":"dagbag.py","lineno":593}
{"timestamp":"2025-09-27T12:29:34.417285Z","level":"warning","event":"The `airflow.decorators.dag` attribute is deprecated. Please use `'airflow.sdk.dag'`.","category":"DeprecatedImportWarning","filename":"/opt/airflow/dags/my_first_dag.py","lineno":1,"logger":"py.warnings"}
{"timestamp":"2025-09-27T12:29:34.417627Z","level":"warning","event":"The `airflow.operators.empty.EmptyOperator` attribute is deprecated. Please use `'airflow.providers.standard.operators.empty.EmptyOperator'`.","category":"DeprecatedImportWarning","filename":"/opt/airflow/dags/my_first_dag.py","lineno":2,"logger":"py.warnings"}
{"timestamp":"2025-09-27T12:30:05.236562Z","level":"info","event":"Filling up the DagBag from /opt/airflow/dags/my_first_dag.py","logger":"airflow.models.dagbag.DagBag","filename":"dagbag.py","lineno":593}
{"timestamp":"2025-09-27T12:30:05.273579Z","level":"warning","event":"The `airflow.decorators.dag` attribute is deprecated. Please use `'airflow.sdk.dag'`.","category":"DeprecatedImportWarning","filename":"/opt/airflow/dags/my_first_dag.py","lineno":1,"logger":"py.warnings"}
{"timestamp":"2025-09-27T12:30:05.273891Z","level":"warning","event":"The `airflow.operators.empty.EmptyOperator` attribute is deprecated. Please use `'airflow.providers.standard.operators.empty.EmptyOperator'`.","category":"DeprecatedImportWarning","filename":"/opt/airflow/dags/my_first_dag.py","lineno":2,"logger":"py.warnings"}
{"timestamp":"2025-09-27T12:30:36.166002Z","level":"info","event":"Filling up the DagBag from /opt/airflow/dags/my_first_dag.py","logger":"airflow.models.dagbag.DagBag","filename":"dagbag.py","lineno":593}
{"timestamp":"2025-09-27T12:30:36.207297Z","level":"warning","event":"The `airflow.decorators.dag` attribute is deprecated. Please use `'airflow.sdk.dag'`.","category":"DeprecatedImportWarning","filename":"/opt/airflow/dags/my_first_dag.py","lineno":1,"logger":"py.warnings"}
{"timestamp":"2025-09-27T12:30:36.207617Z","level":"warning","event":"The `airflow.operators.empty.EmptyOperator` attribute is deprecated. Please use `'airflow.providers.standard.operators.empty.EmptyOperator'`.","category":"DeprecatedImportWarning","filename":"/opt/airflow/dags/my_first_dag.py","lineno":2,"logger":"py.warnings"}
{"timestamp":"2025-09-27T12:31:07.102872Z","level":"info","event":"Filling up the DagBag from /opt/airflow/dags/my_first_dag.py","logger":"airflow.models.dagbag.DagBag","filename":"dagbag.py","lineno":593}
{"timestamp":"2025-09-27T12:31:07.153482Z","level":"warning","event":"The `airflow.decorators.dag` attribute is deprecated. Please use `'airflow.sdk.dag'`.","category":"DeprecatedImportWarning","filename":"/opt/airflow/dags/my_first_dag.py","lineno":1,"logger":"py.warnings"}
{"timestamp":"2025-09-27T12:31:07.153819Z","level":"warning","event":"The `airflow.operators.empty.EmptyOperator` attribute is deprecated. Please use `'airflow.providers.standard.operators.empty.EmptyOperator'`.","category":"DeprecatedImportWarning","filename":"/opt/airflow/dags/my_first_dag.py","lineno":2,"logger":"py.warnings"}
{"timestamp":"2025-09-27T12:37:12.915521Z","level":"info","event":"Filling up the DagBag from /opt/airflow/dags/my_first_dag.py","logger":"airflow.models.dagbag.DagBag","filename":"dagbag.py","lineno":593}
{"timestamp":"2025-09-27T12:37:13.028058Z","level":"warning","event":"The `airflow.decorators.dag` attribute is deprecated. Please use `'airflow.sdk.dag'`.","category":"DeprecatedImportWarning","filename":"/opt/airflow/dags/my_first_dag.py","lineno":1,"logger":"py.warnings"}
{"timestamp":"2025-09-27T12:37:13.028417Z","level":"warning","event":"The `airflow.operators.empty.EmptyOperator` attribute is deprecated. Please use `'airflow.providers.standard.operators.empty.EmptyOperator'`.","category":"DeprecatedImportWarning","filename":"/opt/airflow/dags/my_first_dag.py","lineno":2,"logger":"py.warnings"}
{"timestamp":"2025-09-27T12:37:52.407361Z","level":"info","event":"Filling up the DagBag from /opt/airflow/dags/my_first_dag.py","logger":"airflow.models.dagbag.DagBag","filename":"dagbag.py","lineno":593}
{"timestamp":"2025-09-27T12:37:52.451154Z","level":"warning","event":"The `airflow.decorators.dag` attribute is deprecated. Please use `'airflow.sdk.dag'`.","category":"DeprecatedImportWarning","filename":"/opt/airflow/dags/my_first_dag.py","lineno":1,"logger":"py.warnings"}
{"timestamp":"2025-09-27T12:37:52.451432Z","level":"warning","event":"The `airflow.operators.empty.EmptyOperator` attribute is deprecated. Please use `'airflow.providers.standard.operators.empty.EmptyOperator'`.","category":"DeprecatedImportWarning","filename":"/opt/airflow/dags/my_first_dag.py","lineno":2,"logger":"py.warnings"}
{"timestamp":"2025-09-27T12:38:23.258658Z","level":"info","event":"Filling up the DagBag from /opt/airflow/dags/my_first_dag.py","logger":"airflow.models.dagbag.DagBag","filename":"dagbag.py","lineno":593}
{"timestamp":"2025-09-27T12:38:23.294370Z","level":"warning","event":"The `airflow.decorators.dag` attribute is deprecated. Please use `'airflow.sdk.dag'`.","category":"DeprecatedImportWarning","filename":"/opt/airflow/dags/my_first_dag.py","lineno":1,"logger":"py.warnings"}
{"timestamp":"2025-09-27T12:38:23.294794Z","level":"warning","event":"The `airflow.operators.empty.EmptyOperator` attribute is deprecated. Please use `'airflow.providers.standard.operators.empty.EmptyOperator'`.","category":"DeprecatedImportWarning","filename":"/opt/airflow/dags/my_first_dag.py","lineno":2,"logger":"py.warnings"}
{"timestamp":"2025-09-27T12:38:54.135139Z","level":"info","event":"Filling up the DagBag from /opt/airflow/dags/my_first_dag.py","logger":"airflow.models.dagbag.DagBag","filename":"dagbag.py","lineno":593}
{"timestamp":"2025-09-27T12:38:54.172815Z","level":"warning","event":"The `airflow.decorators.dag` attribute is deprecated. Please use `'airflow.sdk.dag'`.","category":"DeprecatedImportWarning","filename":"/opt/airflow/dags/my_first_dag.py","lineno":1,"logger":"py.warnings"}
{"timestamp":"2025-09-27T12:38:54.173185Z","level":"warning","event":"The `airflow.operators.empty.EmptyOperator` attribute is deprecated. Please use `'airflow.providers.standard.operators.empty.EmptyOperator'`.","category":"DeprecatedImportWarning","filename":"/opt/airflow/dags/my_first_dag.py","lineno":2,"logger":"py.warnings"}
{"timestamp":"2025-09-27T12:39:25.189288Z","level":"info","event":"Filling up the DagBag from /opt/airflow/dags/my_first_dag.py","logger":"airflow.models.dagbag.DagBag","filename":"dagbag.py","lineno":593}
{"timestamp":"2025-09-27T12:39:25.235408Z","level":"warning","event":"The `airflow.decorators.dag` attribute is deprecated. Please use `'airflow.sdk.dag'`.","category":"DeprecatedImportWarning","filename":"/opt/airflow/dags/my_first_dag.py","lineno":1,"logger":"py.warnings"}
{"timestamp":"2025-09-27T12:39:25.235706Z","level":"warning","event":"The `airflow.operators.empty.EmptyOperator` attribute is deprecated. Please use `'airflow.providers.standard.operators.empty.EmptyOperator'`.","category":"DeprecatedImportWarning","filename":"/opt/airflow/dags/my_first_dag.py","lineno":2,"logger":"py.warnings"}
{"timestamp":"2025-09-27T12:39:55.716978Z","level":"info","event":"Filling up the DagBag from /opt/airflow/dags/my_first_dag.py","logger":"airflow.models.dagbag.DagBag","filename":"dagbag.py","lineno":593}
{"timestamp":"2025-09-27T12:39:55.774127Z","level":"warning","event":"The `airflow.decorators.dag` attribute is deprecated. Please use `'airflow.sdk.dag'`.","category":"DeprecatedImportWarning","filename":"/opt/airflow/dags/my_first_dag.py","lineno":1,"logger":"py.warnings"}
{"timestamp":"2025-09-27T12:39:55.774501Z","level":"warning","event":"The `airflow.operators.empty.EmptyOperator` attribute is deprecated. Please use `'airflow.providers.standard.operators.empty.EmptyOperator'`.","category":"DeprecatedImportWarning","filename":"/opt/airflow/dags/my_first_dag.py","lineno":2,"logger":"py.warnings"}
{"timestamp":"2025-09-27T12:40:29.725382Z","level":"info","event":"Filling up the DagBag from /opt/airflow/dags/my_first_dag.py","logger":"airflow.models.dagbag.DagBag","filename":"dagbag.py","lineno":593}
{"timestamp":"2025-09-27T12:40:31.518625Z","level":"warning","event":"The `airflow.decorators.dag` attribute is deprecated. Please use `'airflow.sdk.dag'`.","category":"DeprecatedImportWarning","filename":"/opt/airflow/dags/my_first_dag.py","lineno":1,"logger":"py.warnings"}
{"timestamp":"2025-09-27T12:40:31.519580Z","level":"warning","event":"The `airflow.operators.empty.EmptyOperator` attribute is deprecated. Please use `'airflow.providers.standard.operators.empty.EmptyOperator'`.","category":"DeprecatedImportWarning","filename":"/opt/airflow/dags/my_first_dag.py","lineno":2,"logger":"py.warnings"}
{"timestamp":"2025-09-27T12:41:03.145039Z","level":"info","event":"Filling up the DagBag from /opt/airflow/dags/my_first_dag.py","logger":"airflow.models.dagbag.DagBag","filename":"dagbag.py","lineno":593}
{"timestamp":"2025-09-27T12:41:03.216734Z","level":"warning","event":"The `airflow.decorators.dag` attribute is deprecated. Please use `'airflow.sdk.dag'`.","category":"DeprecatedImportWarning","filename":"/opt/airflow/dags/my_first_dag.py","lineno":1,"logger":"py.warnings"}
{"timestamp":"2025-09-27T12:41:03.217124Z","level":"warning","event":"The `airflow.operators.empty.EmptyOperator` attribute is deprecated. Please use `'airflow.providers.standard.operators.empty.EmptyOperator'`.","category":"DeprecatedImportWarning","filename":"/opt/airflow/dags/my_first_dag.py","lineno":2,"logger":"py.warnings"}
{"timestamp":"2025-09-27T12:41:33.889483Z","level":"info","event":"Filling up the DagBag from /opt/airflow/dags/my_first_dag.py","logger":"airflow.models.dagbag.DagBag","filename":"dagbag.py","lineno":593}
{"timestamp":"2025-09-27T12:41:34.020491Z","level":"warning","event":"The `airflow.decorators.dag` attribute is deprecated. Please use `'airflow.sdk.dag'`.","category":"DeprecatedImportWarning","filename":"/opt/airflow/dags/my_first_dag.py","lineno":1,"logger":"py.warnings"}
{"timestamp":"2025-09-27T12:41:34.021003Z","level":"warning","event":"The `airflow.operators.empty.EmptyOperator` attribute is deprecated. Please use `'airflow.providers.standard.operators.empty.EmptyOperator'`.","category":"DeprecatedImportWarning","filename":"/opt/airflow/dags/my_first_dag.py","lineno":2,"logger":"py.warnings"}
{"timestamp":"2025-09-27T12:41:42.463992Z","level":"info","event":"Filling up the DagBag from /opt/airflow/dags/my_first_dag.py","logger":"airflow.models.dagbag.DagBag","filename":"dagbag.py","lineno":593}
{"timestamp":"2025-09-27T12:41:42.551858Z","level":"warning","event":"The `airflow.decorators.dag` attribute is deprecated. Please use `'airflow.sdk.dag'`.","category":"DeprecatedImportWarning","filename":"/opt/airflow/dags/my_first_dag.py","lineno":1,"logger":"py.warnings"}
{"timestamp":"2025-09-27T12:41:42.552148Z","level":"warning","event":"The `airflow.decorators.task` attribute is deprecated. Please use `'airflow.sdk.task'`.","category":"DeprecatedImportWarning","filename":"/opt/airflow/dags/my_first_dag.py","lineno":1,"logger":"py.warnings"}
{"timestamp":"2025-09-27T12:41:42.552312Z","level":"warning","event":"The `airflow.operators.empty.EmptyOperator` attribute is deprecated. Please use `'airflow.providers.standard.operators.empty.EmptyOperator'`.","category":"DeprecatedImportWarning","filename":"/opt/airflow/dags/my_first_dag.py","lineno":2,"logger":"py.warnings"}
{"timestamp":"2025-09-27T12:41:48.866981Z","level":"info","event":"Filling up the DagBag from /opt/airflow/dags/my_first_dag.py","logger":"airflow.models.dagbag.DagBag","filename":"dagbag.py","lineno":593}
{"timestamp":"2025-09-27T12:41:48.972538Z","level":"info","event":"Hello","logger":"task.stdout"}
{"timestamp":"2025-09-27T12:41:48.971963Z","level":"error","event":"Failed to import: /opt/airflow/dags/my_first_dag.py","logger":"airflow.models.dagbag.DagBag","filename":"dagbag.py","lineno":415,"error_detail":[{"exc_type":"TypeError","exc_value":"unsupported operand type(s) for >>: 'DAG' and 'NoneType'","exc_notes":[],"syntax_error":null,"is_cause":false,"frames":[{"filename":"/home/airflow/.local/lib/python3.11/site-packages/airflow/models/dagbag.py","lineno":405,"name":"parse"},{"filename":"<frozen importlib._bootstrap_external>","lineno":940,"name":"exec_module"},{"filename":"<frozen importlib._bootstrap>","lineno":241,"name":"_call_with_frames_removed"},{"filename":"/opt/airflow/dags/my_first_dag.py","lineno":23,"name":"<module>"}],"is_group":false,"exceptions":[]}]}
{"timestamp":"2025-09-27T12:41:48.988619Z","level":"warning","event":"The `airflow.decorators.dag` attribute is deprecated. Please use `'airflow.sdk.dag'`.","category":"DeprecatedImportWarning","filename":"/opt/airflow/dags/my_first_dag.py","lineno":1,"logger":"py.warnings"}
{"timestamp":"2025-09-27T12:41:48.989013Z","level":"warning","event":"The `airflow.decorators.task` attribute is deprecated. Please use `'airflow.sdk.task'`.","category":"DeprecatedImportWarning","filename":"/opt/airflow/dags/my_first_dag.py","lineno":1,"logger":"py.warnings"}
{"timestamp":"2025-09-27T12:41:48.989318Z","level":"warning","event":"The `airflow.operators.empty.EmptyOperator` attribute is deprecated. Please use `'airflow.providers.standard.operators.empty.EmptyOperator'`.","category":"DeprecatedImportWarning","filename":"/opt/airflow/dags/my_first_dag.py","lineno":2,"logger":"py.warnings"}
{"timestamp":"2025-09-27T12:42:20.051888Z","level":"info","event":"Filling up the DagBag from /opt/airflow/dags/my_first_dag.py","logger":"airflow.models.dagbag.DagBag","filename":"dagbag.py","lineno":593}
{"timestamp":"2025-09-27T12:42:20.114369Z","level":"info","event":"Hello","logger":"task.stdout"}
{"timestamp":"2025-09-27T12:42:20.114135Z","level":"error","event":"Failed to import: /opt/airflow/dags/my_first_dag.py","logger":"airflow.models.dagbag.DagBag","filename":"dagbag.py","lineno":415,"error_detail":[{"exc_type":"TypeError","exc_value":"unsupported operand type(s) for >>: 'DAG' and 'NoneType'","exc_notes":[],"syntax_error":null,"is_cause":false,"frames":[{"filename":"/home/airflow/.local/lib/python3.11/site-packages/airflow/models/dagbag.py","lineno":405,"name":"parse"},{"filename":"<frozen importlib._bootstrap_external>","lineno":940,"name":"exec_module"},{"filename":"<frozen importlib._bootstrap>","lineno":241,"name":"_call_with_frames_removed"},{"filename":"/opt/airflow/dags/my_first_dag.py","lineno":23,"name":"<module>"}],"is_group":false,"exceptions":[]}]}
{"timestamp":"2025-09-27T12:42:20.124287Z","level":"warning","event":"The `airflow.decorators.dag` attribute is deprecated. Please use `'airflow.sdk.dag'`.","category":"DeprecatedImportWarning","filename":"/opt/airflow/dags/my_first_dag.py","lineno":1,"logger":"py.warnings"}
{"timestamp":"2025-09-27T12:42:20.124612Z","level":"warning","event":"The `airflow.decorators.task` attribute is deprecated. Please use `'airflow.sdk.task'`.","category":"DeprecatedImportWarning","filename":"/opt/airflow/dags/my_first_dag.py","lineno":1,"logger":"py.warnings"}
{"timestamp":"2025-09-27T12:42:20.124953Z","level":"warning","event":"The `airflow.operators.empty.EmptyOperator` attribute is deprecated. Please use `'airflow.providers.standard.operators.empty.EmptyOperator'`.","category":"DeprecatedImportWarning","filename":"/opt/airflow/dags/my_first_dag.py","lineno":2,"logger":"py.warnings"}
{"timestamp":"2025-09-27T12:42:50.341562Z","level":"info","event":"Filling up the DagBag from /opt/airflow/dags/my_first_dag.py","logger":"airflow.models.dagbag.DagBag","filename":"dagbag.py","lineno":593}
{"timestamp":"2025-09-27T12:42:50.425472Z","level":"info","event":"Hello","logger":"task.stdout"}
{"timestamp":"2025-09-27T12:42:50.425381Z","level":"error","event":"Failed to import: /opt/airflow/dags/my_first_dag.py","logger":"airflow.models.dagbag.DagBag","filename":"dagbag.py","lineno":415,"error_detail":[{"exc_type":"TypeError","exc_value":"unsupported operand type(s) for >>: 'DAG' and 'NoneType'","exc_notes":[],"syntax_error":null,"is_cause":false,"frames":[{"filename":"/home/airflow/.local/lib/python3.11/site-packages/airflow/models/dagbag.py","lineno":405,"name":"parse"},{"filename":"<frozen importlib._bootstrap_external>","lineno":940,"name":"exec_module"},{"filename":"<frozen importlib._bootstrap>","lineno":241,"name":"_call_with_frames_removed"},{"filename":"/opt/airflow/dags/my_first_dag.py","lineno":23,"name":"<module>"}],"is_group":false,"exceptions":[]}]}
{"timestamp":"2025-09-27T12:42:50.433219Z","level":"warning","event":"The `airflow.decorators.dag` attribute is deprecated. Please use `'airflow.sdk.dag'`.","category":"DeprecatedImportWarning","filename":"/opt/airflow/dags/my_first_dag.py","lineno":1,"logger":"py.warnings"}
{"timestamp":"2025-09-27T12:42:50.433538Z","level":"warning","event":"The `airflow.decorators.task` attribute is deprecated. Please use `'airflow.sdk.task'`.","category":"DeprecatedImportWarning","filename":"/opt/airflow/dags/my_first_dag.py","lineno":1,"logger":"py.warnings"}
{"timestamp":"2025-09-27T12:42:50.433804Z","level":"warning","event":"The `airflow.operators.empty.EmptyOperator` attribute is deprecated. Please use `'airflow.providers.standard.operators.empty.EmptyOperator'`.","category":"DeprecatedImportWarning","filename":"/opt/airflow/dags/my_first_dag.py","lineno":2,"logger":"py.warnings"}
{"timestamp":"2025-09-27T12:43:21.401886Z","level":"info","event":"Filling up the DagBag from /opt/airflow/dags/my_first_dag.py","logger":"airflow.models.dagbag.DagBag","filename":"dagbag.py","lineno":593}
{"timestamp":"2025-09-27T12:43:21.459734Z","level":"info","event":"Hello","logger":"task.stdout"}
{"timestamp":"2025-09-27T12:43:21.459601Z","level":"error","event":"Failed to import: /opt/airflow/dags/my_first_dag.py","logger":"airflow.models.dagbag.DagBag","filename":"dagbag.py","lineno":415,"error_detail":[{"exc_type":"TypeError","exc_value":"unsupported operand type(s) for >>: 'DAG' and 'NoneType'","exc_notes":[],"syntax_error":null,"is_cause":false,"frames":[{"filename":"/home/airflow/.local/lib/python3.11/site-packages/airflow/models/dagbag.py","lineno":405,"name":"parse"},{"filename":"<frozen importlib._bootstrap_external>","lineno":940,"name":"exec_module"},{"filename":"<frozen importlib._bootstrap>","lineno":241,"name":"_call_with_frames_removed"},{"filename":"/opt/airflow/dags/my_first_dag.py","lineno":23,"name":"<module>"}],"is_group":false,"exceptions":[]}]}
{"timestamp":"2025-09-27T12:43:21.469569Z","level":"warning","event":"The `airflow.decorators.dag` attribute is deprecated. Please use `'airflow.sdk.dag'`.","category":"DeprecatedImportWarning","filename":"/opt/airflow/dags/my_first_dag.py","lineno":1,"logger":"py.warnings"}
{"timestamp":"2025-09-27T12:43:21.469927Z","level":"warning","event":"The `airflow.decorators.task` attribute is deprecated. Please use `'airflow.sdk.task'`.","category":"DeprecatedImportWarning","filename":"/opt/airflow/dags/my_first_dag.py","lineno":1,"logger":"py.warnings"}
{"timestamp":"2025-09-27T12:43:21.470218Z","level":"warning","event":"The `airflow.operators.empty.EmptyOperator` attribute is deprecated. Please use `'airflow.providers.standard.operators.empty.EmptyOperator'`.","category":"DeprecatedImportWarning","filename":"/opt/airflow/dags/my_first_dag.py","lineno":2,"logger":"py.warnings"}
{"timestamp":"2025-09-27T12:43:52.419379Z","level":"info","event":"Filling up the DagBag from /opt/airflow/dags/my_first_dag.py","logger":"airflow.models.dagbag.DagBag","filename":"dagbag.py","lineno":593}
{"timestamp":"2025-09-27T12:43:52.481180Z","level":"info","event":"Hello","logger":"task.stdout"}
{"timestamp":"2025-09-27T12:43:52.480960Z","level":"error","event":"Failed to import: /opt/airflow/dags/my_first_dag.py","logger":"airflow.models.dagbag.DagBag","filename":"dagbag.py","lineno":415,"error_detail":[{"exc_type":"TypeError","exc_value":"unsupported operand type(s) for >>: 'DAG' and 'NoneType'","exc_notes":[],"syntax_error":null,"is_cause":false,"frames":[{"filename":"/home/airflow/.local/lib/python3.11/site-packages/airflow/models/dagbag.py","lineno":405,"name":"parse"},{"filename":"<frozen importlib._bootstrap_external>","lineno":940,"name":"exec_module"},{"filename":"<frozen importlib._bootstrap>","lineno":241,"name":"_call_with_frames_removed"},{"filename":"/opt/airflow/dags/my_first_dag.py","lineno":23,"name":"<module>"}],"is_group":false,"exceptions":[]}]}
{"timestamp":"2025-09-27T12:43:52.490879Z","level":"warning","event":"The `airflow.decorators.dag` attribute is deprecated. Please use `'airflow.sdk.dag'`.","category":"DeprecatedImportWarning","filename":"/opt/airflow/dags/my_first_dag.py","lineno":1,"logger":"py.warnings"}
{"timestamp":"2025-09-27T12:43:52.491140Z","level":"warning","event":"The `airflow.decorators.task` attribute is deprecated. Please use `'airflow.sdk.task'`.","category":"DeprecatedImportWarning","filename":"/opt/airflow/dags/my_first_dag.py","lineno":1,"logger":"py.warnings"}
{"timestamp":"2025-09-27T12:43:52.491318Z","level":"warning","event":"The `airflow.operators.empty.EmptyOperator` attribute is deprecated. Please use `'airflow.providers.standard.operators.empty.EmptyOperator'`.","category":"DeprecatedImportWarning","filename":"/opt/airflow/dags/my_first_dag.py","lineno":2,"logger":"py.warnings"}
{"timestamp":"2025-09-27T12:43:58.847260Z","level":"info","event":"Filling up the DagBag from /opt/airflow/dags/my_first_dag.py","logger":"airflow.models.dagbag.DagBag","filename":"dagbag.py","lineno":593}
{"timestamp":"2025-09-27T12:43:58.927107Z","level":"error","event":"Failed to import: /opt/airflow/dags/my_first_dag.py","logger":"airflow.models.dagbag.DagBag","filename":"dagbag.py","lineno":415,"error_detail":[{"exc_type":"NameError","exc_value":"name 'python_print' is not defined","exc_notes":[],"syntax_error":null,"is_cause":false,"frames":[{"filename":"/home/airflow/.local/lib/python3.11/site-packages/airflow/models/dagbag.py","lineno":405,"name":"parse"},{"filename":"<frozen importlib._bootstrap_external>","lineno":940,"name":"exec_module"},{"filename":"<frozen importlib._bootstrap>","lineno":241,"name":"_call_with_frames_removed"},{"filename":"/opt/airflow/dags/my_first_dag.py","lineno":23,"name":"<module>"}],"is_group":false,"exceptions":[]}]}
{"timestamp":"2025-09-27T12:43:58.938408Z","level":"warning","event":"The `airflow.decorators.dag` attribute is deprecated. Please use `'airflow.sdk.dag'`.","category":"DeprecatedImportWarning","filename":"/opt/airflow/dags/my_first_dag.py","lineno":1,"logger":"py.warnings"}
{"timestamp":"2025-09-27T12:43:58.938673Z","level":"warning","event":"The `airflow.decorators.task` attribute is deprecated. Please use `'airflow.sdk.task'`.","category":"DeprecatedImportWarning","filename":"/opt/airflow/dags/my_first_dag.py","lineno":1,"logger":"py.warnings"}
{"timestamp":"2025-09-27T12:43:58.938877Z","level":"warning","event":"The `airflow.operators.empty.EmptyOperator` attribute is deprecated. Please use `'airflow.providers.standard.operators.empty.EmptyOperator'`.","category":"DeprecatedImportWarning","filename":"/opt/airflow/dags/my_first_dag.py","lineno":2,"logger":"py.warnings"}
{"timestamp":"2025-09-27T12:44:11.630872Z","level":"info","event":"Filling up the DagBag from /opt/airflow/dags/my_first_dag.py","logger":"airflow.models.dagbag.DagBag","filename":"dagbag.py","lineno":593}
{"timestamp":"2025-09-27T12:44:11.718709Z","level":"warning","event":"The `airflow.decorators.dag` attribute is deprecated. Please use `'airflow.sdk.dag'`.","category":"DeprecatedImportWarning","filename":"/opt/airflow/dags/my_first_dag.py","lineno":1,"logger":"py.warnings"}
{"timestamp":"2025-09-27T12:44:11.719032Z","level":"warning","event":"The `airflow.decorators.task` attribute is deprecated. Please use `'airflow.sdk.task'`.","category":"DeprecatedImportWarning","filename":"/opt/airflow/dags/my_first_dag.py","lineno":1,"logger":"py.warnings"}
{"timestamp":"2025-09-27T12:44:11.719208Z","level":"warning","event":"The `airflow.operators.bash.BashOperator` attribute is deprecated. Please use `'airflow.providers.standard.operators.bash.BashOperator'`.","category":"DeprecatedImportWarning","filename":"/opt/airflow/dags/my_first_dag.py","lineno":2,"logger":"py.warnings"}
{"timestamp":"2025-09-27T12:44:41.971011Z","level":"info","event":"Filling up the DagBag from /opt/airflow/dags/my_first_dag.py","logger":"airflow.models.dagbag.DagBag","filename":"dagbag.py","lineno":593}
{"timestamp":"2025-09-27T12:44:42.035374Z","level":"warning","event":"The `airflow.decorators.dag` attribute is deprecated. Please use `'airflow.sdk.dag'`.","category":"DeprecatedImportWarning","filename":"/opt/airflow/dags/my_first_dag.py","lineno":1,"logger":"py.warnings"}
{"timestamp":"2025-09-27T12:44:42.035713Z","level":"warning","event":"The `airflow.decorators.task` attribute is deprecated. Please use `'airflow.sdk.task'`.","category":"DeprecatedImportWarning","filename":"/opt/airflow/dags/my_first_dag.py","lineno":1,"logger":"py.warnings"}
{"timestamp":"2025-09-27T12:44:42.035957Z","level":"warning","event":"The `airflow.operators.bash.BashOperator` attribute is deprecated. Please use `'airflow.providers.standard.operators.bash.BashOperator'`.","category":"DeprecatedImportWarning","filename":"/opt/airflow/dags/my_first_dag.py","lineno":2,"logger":"py.warnings"}
{"timestamp":"2025-09-27T12:44:54.495681Z","level":"info","event":"Filling up the DagBag from /opt/airflow/dags/my_first_dag.py","logger":"airflow.models.dagbag.DagBag","filename":"dagbag.py","lineno":593}
{"timestamp":"2025-09-27T12:44:54.584590Z","level":"warning","event":"The `airflow.decorators.dag` attribute is deprecated. Please use `'airflow.sdk.dag'`.","category":"DeprecatedImportWarning","filename":"/opt/airflow/dags/my_first_dag.py","lineno":1,"logger":"py.warnings"}
{"timestamp":"2025-09-27T12:44:54.584891Z","level":"warning","event":"The `airflow.decorators.task` attribute is deprecated. Please use `'airflow.sdk.task'`.","category":"DeprecatedImportWarning","filename":"/opt/airflow/dags/my_first_dag.py","lineno":1,"logger":"py.warnings"}
{"timestamp":"2025-09-27T12:44:54.585058Z","level":"warning","event":"The `airflow.operators.bash.BashOperator` attribute is deprecated. Please use `'airflow.providers.standard.operators.bash.BashOperator'`.","category":"DeprecatedImportWarning","filename":"/opt/airflow/dags/my_first_dag.py","lineno":2,"logger":"py.warnings"}
{"timestamp":"2025-09-27T12:45:25.629068Z","level":"info","event":"Filling up the DagBag from /opt/airflow/dags/my_first_dag.py","logger":"airflow.models.dagbag.DagBag","filename":"dagbag.py","lineno":593}
{"timestamp":"2025-09-27T12:45:25.688048Z","level":"warning","event":"The `airflow.decorators.dag` attribute is deprecated. Please use `'airflow.sdk.dag'`.","category":"DeprecatedImportWarning","filename":"/opt/airflow/dags/my_first_dag.py","lineno":1,"logger":"py.warnings"}
{"timestamp":"2025-09-27T12:45:25.688726Z","level":"warning","event":"The `airflow.decorators.task` attribute is deprecated. Please use `'airflow.sdk.task'`.","category":"DeprecatedImportWarning","filename":"/opt/airflow/dags/my_first_dag.py","lineno":1,"logger":"py.warnings"}
{"timestamp":"2025-09-27T12:45:25.688930Z","level":"warning","event":"The `airflow.operators.bash.BashOperator` attribute is deprecated. Please use `'airflow.providers.standard.operators.bash.BashOperator'`.","category":"DeprecatedImportWarning","filename":"/opt/airflow/dags/my_first_dag.py","lineno":2,"logger":"py.warnings"}
{"timestamp":"2025-09-27T12:45:55.880395Z","level":"info","event":"Filling up the DagBag from /opt/airflow/dags/my_first_dag.py","logger":"airflow.models.dagbag.DagBag","filename":"dagbag.py","lineno":593}
{"timestamp":"2025-09-27T12:45:56.010693Z","level":"warning","event":"The `airflow.decorators.dag` attribute is deprecated. Please use `'airflow.sdk.dag'`.","category":"DeprecatedImportWarning","filename":"/opt/airflow/dags/my_first_dag.py","lineno":1,"logger":"py.warnings"}
{"timestamp":"2025-09-27T12:45:56.010994Z","level":"warning","event":"The `airflow.decorators.task` attribute is deprecated. Please use `'airflow.sdk.task'`.","category":"DeprecatedImportWarning","filename":"/opt/airflow/dags/my_first_dag.py","lineno":1,"logger":"py.warnings"}
{"timestamp":"2025-09-27T12:45:56.011180Z","level":"warning","event":"The `airflow.operators.bash.BashOperator` attribute is deprecated. Please use `'airflow.providers.standard.operators.bash.BashOperator'`.","category":"DeprecatedImportWarning","filename":"/opt/airflow/dags/my_first_dag.py","lineno":2,"logger":"py.warnings"}
{"timestamp":"2025-09-27T12:46:03.336510Z","level":"info","event":"Filling up the DagBag from /opt/airflow/dags/my_first_dag.py","logger":"airflow.models.dagbag.DagBag","filename":"dagbag.py","lineno":593}
{"timestamp":"2025-09-27T12:46:03.421790Z","level":"warning","event":"The `airflow.decorators.dag` attribute is deprecated. Please use `'airflow.sdk.dag'`.","category":"DeprecatedImportWarning","filename":"/opt/airflow/dags/my_first_dag.py","lineno":1,"logger":"py.warnings"}
{"timestamp":"2025-09-27T12:46:03.422120Z","level":"warning","event":"The `airflow.decorators.task` attribute is deprecated. Please use `'airflow.sdk.task'`.","category":"DeprecatedImportWarning","filename":"/opt/airflow/dags/my_first_dag.py","lineno":1,"logger":"py.warnings"}
{"timestamp":"2025-09-27T12:46:03.422349Z","level":"warning","event":"The `airflow.operators.bash.BashOperator` attribute is deprecated. Please use `'airflow.providers.standard.operators.bash.BashOperator'`.","category":"DeprecatedImportWarning","filename":"/opt/airflow/dags/my_first_dag.py","lineno":2,"logger":"py.warnings"}
{"timestamp":"2025-09-27T12:46:34.387906Z","level":"info","event":"Filling up the DagBag from /opt/airflow/dags/my_first_dag.py","logger":"airflow.models.dagbag.DagBag","filename":"dagbag.py","lineno":593}
{"timestamp":"2025-09-27T12:46:34.445809Z","level":"warning","event":"The `airflow.decorators.dag` attribute is deprecated. Please use `'airflow.sdk.dag'`.","category":"DeprecatedImportWarning","filename":"/opt/airflow/dags/my_first_dag.py","lineno":1,"logger":"py.warnings"}
{"timestamp":"2025-09-27T12:46:34.446111Z","level":"warning","event":"The `airflow.decorators.task` attribute is deprecated. Please use `'airflow.sdk.task'`.","category":"DeprecatedImportWarning","filename":"/opt/airflow/dags/my_first_dag.py","lineno":1,"logger":"py.warnings"}
{"timestamp":"2025-09-27T12:46:34.446277Z","level":"warning","event":"The `airflow.operators.bash.BashOperator` attribute is deprecated. Please use `'airflow.providers.standard.operators.bash.BashOperator'`.","category":"DeprecatedImportWarning","filename":"/opt/airflow/dags/my_first_dag.py","lineno":2,"logger":"py.warnings"}
{"timestamp":"2025-09-27T12:46:57.815592Z","level":"info","event":"Filling up the DagBag from /opt/airflow/dags/my_first_dag.py","logger":"airflow.models.dagbag.DagBag","filename":"dagbag.py","lineno":593}
{"timestamp":"2025-09-27T12:46:57.902649Z","level":"warning","event":"The `airflow.decorators.dag` attribute is deprecated. Please use `'airflow.sdk.dag'`.","category":"DeprecatedImportWarning","filename":"/opt/airflow/dags/my_first_dag.py","lineno":1,"logger":"py.warnings"}
{"timestamp":"2025-09-27T12:46:57.903105Z","level":"warning","event":"The `airflow.decorators.task` attribute is deprecated. Please use `'airflow.sdk.task'`.","category":"DeprecatedImportWarning","filename":"/opt/airflow/dags/my_first_dag.py","lineno":1,"logger":"py.warnings"}
{"timestamp":"2025-09-27T12:46:57.903469Z","level":"warning","event":"The `airflow.operators.bash.BashOperator` attribute is deprecated. Please use `'airflow.providers.standard.operators.bash.BashOperator'`.","category":"DeprecatedImportWarning","filename":"/opt/airflow/dags/my_first_dag.py","lineno":2,"logger":"py.warnings"}
{"timestamp":"2025-09-27T12:47:28.942965Z","level":"info","event":"Filling up the DagBag from /opt/airflow/dags/my_first_dag.py","logger":"airflow.models.dagbag.DagBag","filename":"dagbag.py","lineno":593}
{"timestamp":"2025-09-27T12:47:29.001599Z","level":"warning","event":"The `airflow.decorators.dag` attribute is deprecated. Please use `'airflow.sdk.dag'`.","category":"DeprecatedImportWarning","filename":"/opt/airflow/dags/my_first_dag.py","lineno":1,"logger":"py.warnings"}
{"timestamp":"2025-09-27T12:47:29.001888Z","level":"warning","event":"The `airflow.decorators.task` attribute is deprecated. Please use `'airflow.sdk.task'`.","category":"DeprecatedImportWarning","filename":"/opt/airflow/dags/my_first_dag.py","lineno":1,"logger":"py.warnings"}
{"timestamp":"2025-09-27T12:47:29.002142Z","level":"warning","event":"The `airflow.operators.bash.BashOperator` attribute is deprecated. Please use `'airflow.providers.standard.operators.bash.BashOperator'`.","category":"DeprecatedImportWarning","filename":"/opt/airflow/dags/my_first_dag.py","lineno":2,"logger":"py.warnings"}
{"timestamp":"2025-09-27T12:50:35.465986Z","level":"info","event":"Filling up the DagBag from /opt/airflow/dags/my_first_dag.py","logger":"airflow.models.dagbag.DagBag","filename":"dagbag.py","lineno":593}
{"timestamp":"2025-09-27T12:50:35.635416Z","level":"warning","event":"The `airflow.decorators.dag` attribute is deprecated. Please use `'airflow.sdk.dag'`.","category":"DeprecatedImportWarning","filename":"/opt/airflow/dags/my_first_dag.py","lineno":1,"logger":"py.warnings"}
{"timestamp":"2025-09-27T12:50:35.635679Z","level":"warning","event":"The `airflow.decorators.task` attribute is deprecated. Please use `'airflow.sdk.task'`.","category":"DeprecatedImportWarning","filename":"/opt/airflow/dags/my_first_dag.py","lineno":1,"logger":"py.warnings"}
{"timestamp":"2025-09-27T12:50:35.635897Z","level":"warning","event":"The `airflow.operators.bash.BashOperator` attribute is deprecated. Please use `'airflow.providers.standard.operators.bash.BashOperator'`.","category":"DeprecatedImportWarning","filename":"/opt/airflow/dags/my_first_dag.py","lineno":2,"logger":"py.warnings"}
{"timestamp":"2025-09-27T12:51:10.871432Z","level":"info","event":"Filling up the DagBag from /opt/airflow/dags/my_first_dag.py","logger":"airflow.models.dagbag.DagBag","filename":"dagbag.py","lineno":593}
{"timestamp":"2025-09-27T12:51:10.937834Z","level":"warning","event":"The `airflow.decorators.dag` attribute is deprecated. Please use `'airflow.sdk.dag'`.","category":"DeprecatedImportWarning","filename":"/opt/airflow/dags/my_first_dag.py","lineno":1,"logger":"py.warnings"}
{"timestamp":"2025-09-27T12:51:10.938091Z","level":"warning","event":"The `airflow.decorators.task` attribute is deprecated. Please use `'airflow.sdk.task'`.","category":"DeprecatedImportWarning","filename":"/opt/airflow/dags/my_first_dag.py","lineno":1,"logger":"py.warnings"}
{"timestamp":"2025-09-27T12:51:10.938281Z","level":"warning","event":"The `airflow.operators.bash.BashOperator` attribute is deprecated. Please use `'airflow.providers.standard.operators.bash.BashOperator'`.","category":"DeprecatedImportWarning","filename":"/opt/airflow/dags/my_first_dag.py","lineno":2,"logger":"py.warnings"}
{"timestamp":"2025-09-27T12:51:41.786800Z","level":"info","event":"Filling up the DagBag from /opt/airflow/dags/my_first_dag.py","logger":"airflow.models.dagbag.DagBag","filename":"dagbag.py","lineno":593}
{"timestamp":"2025-09-27T12:51:41.872268Z","level":"warning","event":"The `airflow.decorators.dag` attribute is deprecated. Please use `'airflow.sdk.dag'`.","category":"DeprecatedImportWarning","filename":"/opt/airflow/dags/my_first_dag.py","lineno":1,"logger":"py.warnings"}
{"timestamp":"2025-09-27T12:51:41.872700Z","level":"warning","event":"The `airflow.decorators.task` attribute is deprecated. Please use `'airflow.sdk.task'`.","category":"DeprecatedImportWarning","filename":"/opt/airflow/dags/my_first_dag.py","lineno":1,"logger":"py.warnings"}
{"timestamp":"2025-09-27T12:51:41.872935Z","level":"warning","event":"The `airflow.operators.bash.BashOperator` attribute is deprecated. Please use `'airflow.providers.standard.operators.bash.BashOperator'`.","category":"DeprecatedImportWarning","filename":"/opt/airflow/dags/my_first_dag.py","lineno":2,"logger":"py.warnings"}
{"timestamp":"2025-09-27T12:52:12.755623Z","level":"info","event":"Filling up the DagBag from /opt/airflow/dags/my_first_dag.py","logger":"airflow.models.dagbag.DagBag","filename":"dagbag.py","lineno":593}
{"timestamp":"2025-09-27T12:52:12.822889Z","level":"warning","event":"The `airflow.decorators.dag` attribute is deprecated. Please use `'airflow.sdk.dag'`.","category":"DeprecatedImportWarning","filename":"/opt/airflow/dags/my_first_dag.py","lineno":1,"logger":"py.warnings"}
{"timestamp":"2025-09-27T12:52:12.823282Z","level":"warning","event":"The `airflow.decorators.task` attribute is deprecated. Please use `'airflow.sdk.task'`.","category":"DeprecatedImportWarning","filename":"/opt/airflow/dags/my_first_dag.py","lineno":1,"logger":"py.warnings"}
{"timestamp":"2025-09-27T12:52:12.823533Z","level":"warning","event":"The `airflow.operators.bash.BashOperator` attribute is deprecated. Please use `'airflow.providers.standard.operators.bash.BashOperator'`.","category":"DeprecatedImportWarning","filename":"/opt/airflow/dags/my_first_dag.py","lineno":2,"logger":"py.warnings"}
{"timestamp":"2025-09-27T12:52:43.422380Z","level":"info","event":"Filling up the DagBag from /opt/airflow/dags/my_first_dag.py","logger":"airflow.models.dagbag.DagBag","filename":"dagbag.py","lineno":593}
{"timestamp":"2025-09-27T12:52:43.485465Z","level":"warning","event":"The `airflow.decorators.dag` attribute is deprecated. Please use `'airflow.sdk.dag'`.","category":"DeprecatedImportWarning","filename":"/opt/airflow/dags/my_first_dag.py","lineno":1,"logger":"py.warnings"}
{"timestamp":"2025-09-27T12:52:43.485873Z","level":"warning","event":"The `airflow.decorators.task` attribute is deprecated. Please use `'airflow.sdk.task'`.","category":"DeprecatedImportWarning","filename":"/opt/airflow/dags/my_first_dag.py","lineno":1,"logger":"py.warnings"}
{"timestamp":"2025-09-27T12:52:43.486155Z","level":"warning","event":"The `airflow.operators.bash.BashOperator` attribute is deprecated. Please use `'airflow.providers.standard.operators.bash.BashOperator'`.","category":"DeprecatedImportWarning","filename":"/opt/airflow/dags/my_first_dag.py","lineno":2,"logger":"py.warnings"}
{"timestamp":"2025-09-27T12:53:15.013937Z","level":"info","event":"Filling up the DagBag from /opt/airflow/dags/my_first_dag.py","logger":"airflow.models.dagbag.DagBag","filename":"dagbag.py","lineno":593}
{"timestamp":"2025-09-27T12:53:15.082810Z","level":"warning","event":"The `airflow.decorators.dag` attribute is deprecated. Please use `'airflow.sdk.dag'`.","category":"DeprecatedImportWarning","filename":"/opt/airflow/dags/my_first_dag.py","lineno":1,"logger":"py.warnings"}
{"timestamp":"2025-09-27T12:53:15.083103Z","level":"warning","event":"The `airflow.decorators.task` attribute is deprecated. Please use `'airflow.sdk.task'`.","category":"DeprecatedImportWarning","filename":"/opt/airflow/dags/my_first_dag.py","lineno":1,"logger":"py.warnings"}
{"timestamp":"2025-09-27T12:53:15.083271Z","level":"warning","event":"The `airflow.operators.bash.BashOperator` attribute is deprecated. Please use `'airflow.providers.standard.operators.bash.BashOperator'`.","category":"DeprecatedImportWarning","filename":"/opt/airflow/dags/my_first_dag.py","lineno":2,"logger":"py.warnings"}
{"timestamp":"2025-09-27T12:53:45.996793Z","level":"info","event":"Filling up the DagBag from /opt/airflow/dags/my_first_dag.py","logger":"airflow.models.dagbag.DagBag","filename":"dagbag.py","lineno":593}
{"timestamp":"2025-09-27T12:53:46.075889Z","level":"warning","event":"The `airflow.decorators.dag` attribute is deprecated. Please use `'airflow.sdk.dag'`.","category":"DeprecatedImportWarning","filename":"/opt/airflow/dags/my_first_dag.py","lineno":1,"logger":"py.warnings"}
{"timestamp":"2025-09-27T12:53:46.076371Z","level":"warning","event":"The `airflow.decorators.task` attribute is deprecated. Please use `'airflow.sdk.task'`.","category":"DeprecatedImportWarning","filename":"/opt/airflow/dags/my_first_dag.py","lineno":1,"logger":"py.warnings"}
{"timestamp":"2025-09-27T12:53:46.076626Z","level":"warning","event":"The `airflow.operators.bash.BashOperator` attribute is deprecated. Please use `'airflow.providers.standard.operators.bash.BashOperator'`.","category":"DeprecatedImportWarning","filename":"/opt/airflow/dags/my_first_dag.py","lineno":2,"logger":"py.warnings"}
{"timestamp":"2025-09-27T12:54:16.906330Z","level":"info","event":"Filling up the DagBag from /opt/airflow/dags/my_first_dag.py","logger":"airflow.models.dagbag.DagBag","filename":"dagbag.py","lineno":593}
{"timestamp":"2025-09-27T12:54:16.970828Z","level":"warning","event":"The `airflow.decorators.dag` attribute is deprecated. Please use `'airflow.sdk.dag'`.","category":"DeprecatedImportWarning","filename":"/opt/airflow/dags/my_first_dag.py","lineno":1,"logger":"py.warnings"}
{"timestamp":"2025-09-27T12:54:16.971200Z","level":"warning","event":"The `airflow.decorators.task` attribute is deprecated. Please use `'airflow.sdk.task'`.","category":"DeprecatedImportWarning","filename":"/opt/airflow/dags/my_first_dag.py","lineno":1,"logger":"py.warnings"}
{"timestamp":"2025-09-27T12:54:16.971531Z","level":"warning","event":"The `airflow.operators.bash.BashOperator` attribute is deprecated. Please use `'airflow.providers.standard.operators.bash.BashOperator'`.","category":"DeprecatedImportWarning","filename":"/opt/airflow/dags/my_first_dag.py","lineno":2,"logger":"py.warnings"}
{"timestamp":"2025-09-27T12:54:47.834367Z","level":"info","event":"Filling up the DagBag from /opt/airflow/dags/my_first_dag.py","logger":"airflow.models.dagbag.DagBag","filename":"dagbag.py","lineno":593}
{"timestamp":"2025-09-27T12:54:47.898697Z","level":"warning","event":"The `airflow.decorators.dag` attribute is deprecated. Please use `'airflow.sdk.dag'`.","category":"DeprecatedImportWarning","filename":"/opt/airflow/dags/my_first_dag.py","lineno":1,"logger":"py.warnings"}
{"timestamp":"2025-09-27T12:54:47.899136Z","level":"warning","event":"The `airflow.decorators.task` attribute is deprecated. Please use `'airflow.sdk.task'`.","category":"DeprecatedImportWarning","filename":"/opt/airflow/dags/my_first_dag.py","lineno":1,"logger":"py.warnings"}
{"timestamp":"2025-09-27T12:54:47.899554Z","level":"warning","event":"The `airflow.operators.bash.BashOperator` attribute is deprecated. Please use `'airflow.providers.standard.operators.bash.BashOperator'`.","category":"DeprecatedImportWarning","filename":"/opt/airflow/dags/my_first_dag.py","lineno":2,"logger":"py.warnings"}
{"timestamp":"2025-09-27T12:55:18.751461Z","level":"info","event":"Filling up the DagBag from /opt/airflow/dags/my_first_dag.py","logger":"airflow.models.dagbag.DagBag","filename":"dagbag.py","lineno":593}
{"timestamp":"2025-09-27T12:55:18.841501Z","level":"warning","event":"The `airflow.decorators.dag` attribute is deprecated. Please use `'airflow.sdk.dag'`.","category":"DeprecatedImportWarning","filename":"/opt/airflow/dags/my_first_dag.py","lineno":1,"logger":"py.warnings"}
{"timestamp":"2025-09-27T12:55:18.841995Z","level":"warning","event":"The `airflow.decorators.task` attribute is deprecated. Please use `'airflow.sdk.task'`.","category":"DeprecatedImportWarning","filename":"/opt/airflow/dags/my_first_dag.py","lineno":1,"logger":"py.warnings"}
{"timestamp":"2025-09-27T12:55:18.842275Z","level":"warning","event":"The `airflow.operators.bash.BashOperator` attribute is deprecated. Please use `'airflow.providers.standard.operators.bash.BashOperator'`.","category":"DeprecatedImportWarning","filename":"/opt/airflow/dags/my_first_dag.py","lineno":2,"logger":"py.warnings"}
{"timestamp":"2025-09-27T12:55:49.686793Z","level":"info","event":"Filling up the DagBag from /opt/airflow/dags/my_first_dag.py","logger":"airflow.models.dagbag.DagBag","filename":"dagbag.py","lineno":593}
{"timestamp":"2025-09-27T12:55:49.753421Z","level":"warning","event":"The `airflow.decorators.dag` attribute is deprecated. Please use `'airflow.sdk.dag'`.","category":"DeprecatedImportWarning","filename":"/opt/airflow/dags/my_first_dag.py","lineno":1,"logger":"py.warnings"}
{"timestamp":"2025-09-27T12:55:49.754160Z","level":"warning","event":"The `airflow.decorators.task` attribute is deprecated. Please use `'airflow.sdk.task'`.","category":"DeprecatedImportWarning","filename":"/opt/airflow/dags/my_first_dag.py","lineno":1,"logger":"py.warnings"}
{"timestamp":"2025-09-27T12:55:49.754388Z","level":"warning","event":"The `airflow.operators.bash.BashOperator` attribute is deprecated. Please use `'airflow.providers.standard.operators.bash.BashOperator'`.","category":"DeprecatedImportWarning","filename":"/opt/airflow/dags/my_first_dag.py","lineno":2,"logger":"py.warnings"}
{"timestamp":"2025-09-27T12:56:20.599746Z","level":"info","event":"Filling up the DagBag from /opt/airflow/dags/my_first_dag.py","logger":"airflow.models.dagbag.DagBag","filename":"dagbag.py","lineno":593}
{"timestamp":"2025-09-27T12:56:20.667056Z","level":"warning","event":"The `airflow.decorators.dag` attribute is deprecated. Please use `'airflow.sdk.dag'`.","category":"DeprecatedImportWarning","filename":"/opt/airflow/dags/my_first_dag.py","lineno":1,"logger":"py.warnings"}
{"timestamp":"2025-09-27T12:56:20.667444Z","level":"warning","event":"The `airflow.decorators.task` attribute is deprecated. Please use `'airflow.sdk.task'`.","category":"DeprecatedImportWarning","filename":"/opt/airflow/dags/my_first_dag.py","lineno":1,"logger":"py.warnings"}
{"timestamp":"2025-09-27T12:56:20.667722Z","level":"warning","event":"The `airflow.operators.bash.BashOperator` attribute is deprecated. Please use `'airflow.providers.standard.operators.bash.BashOperator'`.","category":"DeprecatedImportWarning","filename":"/opt/airflow/dags/my_first_dag.py","lineno":2,"logger":"py.warnings"}
{"timestamp":"2025-09-27T12:56:51.579230Z","level":"info","event":"Filling up the DagBag from /opt/airflow/dags/my_first_dag.py","logger":"airflow.models.dagbag.DagBag","filename":"dagbag.py","lineno":593}
{"timestamp":"2025-09-27T12:56:51.642144Z","level":"warning","event":"The `airflow.decorators.dag` attribute is deprecated. Please use `'airflow.sdk.dag'`.","category":"DeprecatedImportWarning","filename":"/opt/airflow/dags/my_first_dag.py","lineno":1,"logger":"py.warnings"}
{"timestamp":"2025-09-27T12:56:51.642528Z","level":"warning","event":"The `airflow.decorators.task` attribute is deprecated. Please use `'airflow.sdk.task'`.","category":"DeprecatedImportWarning","filename":"/opt/airflow/dags/my_first_dag.py","lineno":1,"logger":"py.warnings"}
{"timestamp":"2025-09-27T12:56:51.642833Z","level":"warning","event":"The `airflow.operators.bash.BashOperator` attribute is deprecated. Please use `'airflow.providers.standard.operators.bash.BashOperator'`.","category":"DeprecatedImportWarning","filename":"/opt/airflow/dags/my_first_dag.py","lineno":2,"logger":"py.warnings"}
{"timestamp":"2025-09-27T12:57:22.461568Z","level":"info","event":"Filling up the DagBag from /opt/airflow/dags/my_first_dag.py","logger":"airflow.models.dagbag.DagBag","filename":"dagbag.py","lineno":593}
{"timestamp":"2025-09-27T12:57:22.519387Z","level":"warning","event":"The `airflow.decorators.dag` attribute is deprecated. Please use `'airflow.sdk.dag'`.","category":"DeprecatedImportWarning","filename":"/opt/airflow/dags/my_first_dag.py","lineno":1,"logger":"py.warnings"}
{"timestamp":"2025-09-27T12:57:22.519788Z","level":"warning","event":"The `airflow.decorators.task` attribute is deprecated. Please use `'airflow.sdk.task'`.","category":"DeprecatedImportWarning","filename":"/opt/airflow/dags/my_first_dag.py","lineno":1,"logger":"py.warnings"}
{"timestamp":"2025-09-27T12:57:22.519963Z","level":"warning","event":"The `airflow.operators.bash.BashOperator` attribute is deprecated. Please use `'airflow.providers.standard.operators.bash.BashOperator'`.","category":"DeprecatedImportWarning","filename":"/opt/airflow/dags/my_first_dag.py","lineno":2,"logger":"py.warnings"}
{"timestamp":"2025-09-27T12:57:53.369471Z","level":"info","event":"Filling up the DagBag from /opt/airflow/dags/my_first_dag.py","logger":"airflow.models.dagbag.DagBag","filename":"dagbag.py","lineno":593}
{"timestamp":"2025-09-27T12:57:53.437314Z","level":"warning","event":"The `airflow.decorators.dag` attribute is deprecated. Please use `'airflow.sdk.dag'`.","category":"DeprecatedImportWarning","filename":"/opt/airflow/dags/my_first_dag.py","lineno":1,"logger":"py.warnings"}
{"timestamp":"2025-09-27T12:57:53.437660Z","level":"warning","event":"The `airflow.decorators.task` attribute is deprecated. Please use `'airflow.sdk.task'`.","category":"DeprecatedImportWarning","filename":"/opt/airflow/dags/my_first_dag.py","lineno":1,"logger":"py.warnings"}
{"timestamp":"2025-09-27T12:57:53.437965Z","level":"warning","event":"The `airflow.operators.bash.BashOperator` attribute is deprecated. Please use `'airflow.providers.standard.operators.bash.BashOperator'`.","category":"DeprecatedImportWarning","filename":"/opt/airflow/dags/my_first_dag.py","lineno":2,"logger":"py.warnings"}
{"timestamp":"2025-09-27T12:58:24.363109Z","level":"info","event":"Filling up the DagBag from /opt/airflow/dags/my_first_dag.py","logger":"airflow.models.dagbag.DagBag","filename":"dagbag.py","lineno":593}
{"timestamp":"2025-09-27T12:58:24.428481Z","level":"warning","event":"The `airflow.decorators.dag` attribute is deprecated. Please use `'airflow.sdk.dag'`.","category":"DeprecatedImportWarning","filename":"/opt/airflow/dags/my_first_dag.py","lineno":1,"logger":"py.warnings"}
{"timestamp":"2025-09-27T12:58:24.429108Z","level":"warning","event":"The `airflow.decorators.task` attribute is deprecated. Please use `'airflow.sdk.task'`.","category":"DeprecatedImportWarning","filename":"/opt/airflow/dags/my_first_dag.py","lineno":1,"logger":"py.warnings"}
{"timestamp":"2025-09-27T12:58:24.429371Z","level":"warning","event":"The `airflow.operators.bash.BashOperator` attribute is deprecated. Please use `'airflow.providers.standard.operators.bash.BashOperator'`.","category":"DeprecatedImportWarning","filename":"/opt/airflow/dags/my_first_dag.py","lineno":2,"logger":"py.warnings"}
{"timestamp":"2025-09-27T12:58:55.265667Z","level":"info","event":"Filling up the DagBag from /opt/airflow/dags/my_first_dag.py","logger":"airflow.models.dagbag.DagBag","filename":"dagbag.py","lineno":593}
{"timestamp":"2025-09-27T12:58:55.334329Z","level":"warning","event":"The `airflow.decorators.dag` attribute is deprecated. Please use `'airflow.sdk.dag'`.","category":"DeprecatedImportWarning","filename":"/opt/airflow/dags/my_first_dag.py","lineno":1,"logger":"py.warnings"}
{"timestamp":"2025-09-27T12:58:55.334735Z","level":"warning","event":"The `airflow.decorators.task` attribute is deprecated. Please use `'airflow.sdk.task'`.","category":"DeprecatedImportWarning","filename":"/opt/airflow/dags/my_first_dag.py","lineno":1,"logger":"py.warnings"}
{"timestamp":"2025-09-27T12:58:55.334953Z","level":"warning","event":"The `airflow.operators.bash.BashOperator` attribute is deprecated. Please use `'airflow.providers.standard.operators.bash.BashOperator'`.","category":"DeprecatedImportWarning","filename":"/opt/airflow/dags/my_first_dag.py","lineno":2,"logger":"py.warnings"}
{"timestamp":"2025-09-27T12:59:26.186099Z","level":"info","event":"Filling up the DagBag from /opt/airflow/dags/my_first_dag.py","logger":"airflow.models.dagbag.DagBag","filename":"dagbag.py","lineno":593}
{"timestamp":"2025-09-27T12:59:26.248236Z","level":"warning","event":"The `airflow.decorators.dag` attribute is deprecated. Please use `'airflow.sdk.dag'`.","category":"DeprecatedImportWarning","filename":"/opt/airflow/dags/my_first_dag.py","lineno":1,"logger":"py.warnings"}
{"timestamp":"2025-09-27T12:59:26.248572Z","level":"warning","event":"The `airflow.decorators.task` attribute is deprecated. Please use `'airflow.sdk.task'`.","category":"DeprecatedImportWarning","filename":"/opt/airflow/dags/my_first_dag.py","lineno":1,"logger":"py.warnings"}
{"timestamp":"2025-09-27T12:59:26.248849Z","level":"warning","event":"The `airflow.operators.bash.BashOperator` attribute is deprecated. Please use `'airflow.providers.standard.operators.bash.BashOperator'`.","category":"DeprecatedImportWarning","filename":"/opt/airflow/dags/my_first_dag.py","lineno":2,"logger":"py.warnings"}
{"timestamp":"2025-09-27T12:59:57.091074Z","level":"info","event":"Filling up the DagBag from /opt/airflow/dags/my_first_dag.py","logger":"airflow.models.dagbag.DagBag","filename":"dagbag.py","lineno":593}
{"timestamp":"2025-09-27T12:59:57.154481Z","level":"warning","event":"The `airflow.decorators.dag` attribute is deprecated. Please use `'airflow.sdk.dag'`.","category":"DeprecatedImportWarning","filename":"/opt/airflow/dags/my_first_dag.py","lineno":1,"logger":"py.warnings"}
{"timestamp":"2025-09-27T12:59:57.154785Z","level":"warning","event":"The `airflow.decorators.task` attribute is deprecated. Please use `'airflow.sdk.task'`.","category":"DeprecatedImportWarning","filename":"/opt/airflow/dags/my_first_dag.py","lineno":1,"logger":"py.warnings"}
{"timestamp":"2025-09-27T12:59:57.155121Z","level":"warning","event":"The `airflow.operators.bash.BashOperator` attribute is deprecated. Please use `'airflow.providers.standard.operators.bash.BashOperator'`.","category":"DeprecatedImportWarning","filename":"/opt/airflow/dags/my_first_dag.py","lineno":2,"logger":"py.warnings"}
{"timestamp":"2025-09-27T13:00:28.018481Z","level":"info","event":"Filling up the DagBag from /opt/airflow/dags/my_first_dag.py","logger":"airflow.models.dagbag.DagBag","filename":"dagbag.py","lineno":593}
{"timestamp":"2025-09-27T13:00:28.084027Z","level":"warning","event":"The `airflow.decorators.dag` attribute is deprecated. Please use `'airflow.sdk.dag'`.","category":"DeprecatedImportWarning","filename":"/opt/airflow/dags/my_first_dag.py","lineno":1,"logger":"py.warnings"}
{"timestamp":"2025-09-27T13:00:28.084415Z","level":"warning","event":"The `airflow.decorators.task` attribute is deprecated. Please use `'airflow.sdk.task'`.","category":"DeprecatedImportWarning","filename":"/opt/airflow/dags/my_first_dag.py","lineno":1,"logger":"py.warnings"}
{"timestamp":"2025-09-27T13:00:28.084601Z","level":"warning","event":"The `airflow.operators.bash.BashOperator` attribute is deprecated. Please use `'airflow.providers.standard.operators.bash.BashOperator'`.","category":"DeprecatedImportWarning","filename":"/opt/airflow/dags/my_first_dag.py","lineno":2,"logger":"py.warnings"}
{"timestamp":"2025-09-27T13:00:58.955626Z","level":"info","event":"Filling up the DagBag from /opt/airflow/dags/my_first_dag.py","logger":"airflow.models.dagbag.DagBag","filename":"dagbag.py","lineno":593}
{"timestamp":"2025-09-27T13:00:59.019080Z","level":"warning","event":"The `airflow.decorators.dag` attribute is deprecated. Please use `'airflow.sdk.dag'`.","category":"DeprecatedImportWarning","filename":"/opt/airflow/dags/my_first_dag.py","lineno":1,"logger":"py.warnings"}
{"timestamp":"2025-09-27T13:00:59.019413Z","level":"warning","event":"The `airflow.decorators.task` attribute is deprecated. Please use `'airflow.sdk.task'`.","category":"DeprecatedImportWarning","filename":"/opt/airflow/dags/my_first_dag.py","lineno":1,"logger":"py.warnings"}
{"timestamp":"2025-09-27T13:00:59.019616Z","level":"warning","event":"The `airflow.operators.bash.BashOperator` attribute is deprecated. Please use `'airflow.providers.standard.operators.bash.BashOperator'`.","category":"DeprecatedImportWarning","filename":"/opt/airflow/dags/my_first_dag.py","lineno":2,"logger":"py.warnings"}
{"timestamp":"2025-09-27T13:01:29.852484Z","level":"info","event":"Filling up the DagBag from /opt/airflow/dags/my_first_dag.py","logger":"airflow.models.dagbag.DagBag","filename":"dagbag.py","lineno":593}
{"timestamp":"2025-09-27T13:01:29.912668Z","level":"warning","event":"The `airflow.decorators.dag` attribute is deprecated. Please use `'airflow.sdk.dag'`.","category":"DeprecatedImportWarning","filename":"/opt/airflow/dags/my_first_dag.py","lineno":1,"logger":"py.warnings"}
{"timestamp":"2025-09-27T13:01:29.913050Z","level":"warning","event":"The `airflow.decorators.task` attribute is deprecated. Please use `'airflow.sdk.task'`.","category":"DeprecatedImportWarning","filename":"/opt/airflow/dags/my_first_dag.py","lineno":1,"logger":"py.warnings"}
{"timestamp":"2025-09-27T13:01:29.913340Z","level":"warning","event":"The `airflow.operators.bash.BashOperator` attribute is deprecated. Please use `'airflow.providers.standard.operators.bash.BashOperator'`.","category":"DeprecatedImportWarning","filename":"/opt/airflow/dags/my_first_dag.py","lineno":2,"logger":"py.warnings"}
{"timestamp":"2025-09-27T13:02:00.744942Z","level":"info","event":"Filling up the DagBag from /opt/airflow/dags/my_first_dag.py","logger":"airflow.models.dagbag.DagBag","filename":"dagbag.py","lineno":593}
{"timestamp":"2025-09-27T13:02:00.803065Z","level":"warning","event":"The `airflow.decorators.dag` attribute is deprecated. Please use `'airflow.sdk.dag'`.","category":"DeprecatedImportWarning","filename":"/opt/airflow/dags/my_first_dag.py","lineno":1,"logger":"py.warnings"}
{"timestamp":"2025-09-27T13:02:00.803402Z","level":"warning","event":"The `airflow.decorators.task` attribute is deprecated. Please use `'airflow.sdk.task'`.","category":"DeprecatedImportWarning","filename":"/opt/airflow/dags/my_first_dag.py","lineno":1,"logger":"py.warnings"}
{"timestamp":"2025-09-27T13:02:00.803623Z","level":"warning","event":"The `airflow.operators.bash.BashOperator` attribute is deprecated. Please use `'airflow.providers.standard.operators.bash.BashOperator'`.","category":"DeprecatedImportWarning","filename":"/opt/airflow/dags/my_first_dag.py","lineno":2,"logger":"py.warnings"}
{"timestamp":"2025-09-27T13:02:31.662363Z","level":"info","event":"Filling up the DagBag from /opt/airflow/dags/my_first_dag.py","logger":"airflow.models.dagbag.DagBag","filename":"dagbag.py","lineno":593}
{"timestamp":"2025-09-27T13:02:31.727648Z","level":"warning","event":"The `airflow.decorators.dag` attribute is deprecated. Please use `'airflow.sdk.dag'`.","category":"DeprecatedImportWarning","filename":"/opt/airflow/dags/my_first_dag.py","lineno":1,"logger":"py.warnings"}
{"timestamp":"2025-09-27T13:02:31.728080Z","level":"warning","event":"The `airflow.decorators.task` attribute is deprecated. Please use `'airflow.sdk.task'`.","category":"DeprecatedImportWarning","filename":"/opt/airflow/dags/my_first_dag.py","lineno":1,"logger":"py.warnings"}
{"timestamp":"2025-09-27T13:02:31.728351Z","level":"warning","event":"The `airflow.operators.bash.BashOperator` attribute is deprecated. Please use `'airflow.providers.standard.operators.bash.BashOperator'`.","category":"DeprecatedImportWarning","filename":"/opt/airflow/dags/my_first_dag.py","lineno":2,"logger":"py.warnings"}
{"timestamp":"2025-09-27T13:03:02.557070Z","level":"info","event":"Filling up the DagBag from /opt/airflow/dags/my_first_dag.py","logger":"airflow.models.dagbag.DagBag","filename":"dagbag.py","lineno":593}
{"timestamp":"2025-09-27T13:03:02.626001Z","level":"warning","event":"The `airflow.decorators.dag` attribute is deprecated. Please use `'airflow.sdk.dag'`.","category":"DeprecatedImportWarning","filename":"/opt/airflow/dags/my_first_dag.py","lineno":1,"logger":"py.warnings"}
{"timestamp":"2025-09-27T13:03:02.626386Z","level":"warning","event":"The `airflow.decorators.task` attribute is deprecated. Please use `'airflow.sdk.task'`.","category":"DeprecatedImportWarning","filename":"/opt/airflow/dags/my_first_dag.py","lineno":1,"logger":"py.warnings"}
{"timestamp":"2025-09-27T13:03:02.626652Z","level":"warning","event":"The `airflow.operators.bash.BashOperator` attribute is deprecated. Please use `'airflow.providers.standard.operators.bash.BashOperator'`.","category":"DeprecatedImportWarning","filename":"/opt/airflow/dags/my_first_dag.py","lineno":2,"logger":"py.warnings"}
{"timestamp":"2025-09-27T13:03:33.505155Z","level":"info","event":"Filling up the DagBag from /opt/airflow/dags/my_first_dag.py","logger":"airflow.models.dagbag.DagBag","filename":"dagbag.py","lineno":593}
{"timestamp":"2025-09-27T13:03:33.569634Z","level":"warning","event":"The `airflow.decorators.dag` attribute is deprecated. Please use `'airflow.sdk.dag'`.","category":"DeprecatedImportWarning","filename":"/opt/airflow/dags/my_first_dag.py","lineno":1,"logger":"py.warnings"}
{"timestamp":"2025-09-27T13:03:33.570016Z","level":"warning","event":"The `airflow.decorators.task` attribute is deprecated. Please use `'airflow.sdk.task'`.","category":"DeprecatedImportWarning","filename":"/opt/airflow/dags/my_first_dag.py","lineno":1,"logger":"py.warnings"}
{"timestamp":"2025-09-27T13:03:33.570312Z","level":"warning","event":"The `airflow.operators.bash.BashOperator` attribute is deprecated. Please use `'airflow.providers.standard.operators.bash.BashOperator'`.","category":"DeprecatedImportWarning","filename":"/opt/airflow/dags/my_first_dag.py","lineno":2,"logger":"py.warnings"}
{"timestamp":"2025-09-27T13:04:04.446763Z","level":"info","event":"Filling up the DagBag from /opt/airflow/dags/my_first_dag.py","logger":"airflow.models.dagbag.DagBag","filename":"dagbag.py","lineno":593}
{"timestamp":"2025-09-27T13:04:04.515357Z","level":"warning","event":"The `airflow.decorators.dag` attribute is deprecated. Please use `'airflow.sdk.dag'`.","category":"DeprecatedImportWarning","filename":"/opt/airflow/dags/my_first_dag.py","lineno":1,"logger":"py.warnings"}
{"timestamp":"2025-09-27T13:04:04.515650Z","level":"warning","event":"The `airflow.decorators.task` attribute is deprecated. Please use `'airflow.sdk.task'`.","category":"DeprecatedImportWarning","filename":"/opt/airflow/dags/my_first_dag.py","lineno":1,"logger":"py.warnings"}
{"timestamp":"2025-09-27T13:04:04.515823Z","level":"warning","event":"The `airflow.operators.bash.BashOperator` attribute is deprecated. Please use `'airflow.providers.standard.operators.bash.BashOperator'`.","category":"DeprecatedImportWarning","filename":"/opt/airflow/dags/my_first_dag.py","lineno":2,"logger":"py.warnings"}
{"timestamp":"2025-09-27T13:04:35.449037Z","level":"info","event":"Filling up the DagBag from /opt/airflow/dags/my_first_dag.py","logger":"airflow.models.dagbag.DagBag","filename":"dagbag.py","lineno":593}
{"timestamp":"2025-09-27T13:04:35.507035Z","level":"warning","event":"The `airflow.decorators.dag` attribute is deprecated. Please use `'airflow.sdk.dag'`.","category":"DeprecatedImportWarning","filename":"/opt/airflow/dags/my_first_dag.py","lineno":1,"logger":"py.warnings"}
{"timestamp":"2025-09-27T13:04:35.507322Z","level":"warning","event":"The `airflow.decorators.task` attribute is deprecated. Please use `'airflow.sdk.task'`.","category":"DeprecatedImportWarning","filename":"/opt/airflow/dags/my_first_dag.py","lineno":1,"logger":"py.warnings"}
{"timestamp":"2025-09-27T13:04:35.507510Z","level":"warning","event":"The `airflow.operators.bash.BashOperator` attribute is deprecated. Please use `'airflow.providers.standard.operators.bash.BashOperator'`.","category":"DeprecatedImportWarning","filename":"/opt/airflow/dags/my_first_dag.py","lineno":2,"logger":"py.warnings"}
{"timestamp":"2025-09-27T13:05:06.380977Z","level":"info","event":"Filling up the DagBag from /opt/airflow/dags/my_first_dag.py","logger":"airflow.models.dagbag.DagBag","filename":"dagbag.py","lineno":593}
{"timestamp":"2025-09-27T13:05:06.452375Z","level":"warning","event":"The `airflow.decorators.dag` attribute is deprecated. Please use `'airflow.sdk.dag'`.","category":"DeprecatedImportWarning","filename":"/opt/airflow/dags/my_first_dag.py","lineno":1,"logger":"py.warnings"}
{"timestamp":"2025-09-27T13:05:06.452852Z","level":"warning","event":"The `airflow.decorators.task` attribute is deprecated. Please use `'airflow.sdk.task'`.","category":"DeprecatedImportWarning","filename":"/opt/airflow/dags/my_first_dag.py","lineno":1,"logger":"py.warnings"}
{"timestamp":"2025-09-27T13:05:06.453077Z","level":"warning","event":"The `airflow.operators.bash.BashOperator` attribute is deprecated. Please use `'airflow.providers.standard.operators.bash.BashOperator'`.","category":"DeprecatedImportWarning","filename":"/opt/airflow/dags/my_first_dag.py","lineno":2,"logger":"py.warnings"}
{"timestamp":"2025-09-27T13:05:37.356109Z","level":"info","event":"Filling up the DagBag from /opt/airflow/dags/my_first_dag.py","logger":"airflow.models.dagbag.DagBag","filename":"dagbag.py","lineno":593}
{"timestamp":"2025-09-27T13:05:37.428854Z","level":"warning","event":"The `airflow.decorators.dag` attribute is deprecated. Please use `'airflow.sdk.dag'`.","category":"DeprecatedImportWarning","filename":"/opt/airflow/dags/my_first_dag.py","lineno":1,"logger":"py.warnings"}
{"timestamp":"2025-09-27T13:05:37.429190Z","level":"warning","event":"The `airflow.decorators.task` attribute is deprecated. Please use `'airflow.sdk.task'`.","category":"DeprecatedImportWarning","filename":"/opt/airflow/dags/my_first_dag.py","lineno":1,"logger":"py.warnings"}
{"timestamp":"2025-09-27T13:05:37.429384Z","level":"warning","event":"The `airflow.operators.bash.BashOperator` attribute is deprecated. Please use `'airflow.providers.standard.operators.bash.BashOperator'`.","category":"DeprecatedImportWarning","filename":"/opt/airflow/dags/my_first_dag.py","lineno":2,"logger":"py.warnings"}
{"timestamp":"2025-09-27T13:06:08.318316Z","level":"info","event":"Filling up the DagBag from /opt/airflow/dags/my_first_dag.py","logger":"airflow.models.dagbag.DagBag","filename":"dagbag.py","lineno":593}
{"timestamp":"2025-09-27T13:06:08.388888Z","level":"warning","event":"The `airflow.decorators.dag` attribute is deprecated. Please use `'airflow.sdk.dag'`.","category":"DeprecatedImportWarning","filename":"/opt/airflow/dags/my_first_dag.py","lineno":1,"logger":"py.warnings"}
{"timestamp":"2025-09-27T13:06:08.389374Z","level":"warning","event":"The `airflow.decorators.task` attribute is deprecated. Please use `'airflow.sdk.task'`.","category":"DeprecatedImportWarning","filename":"/opt/airflow/dags/my_first_dag.py","lineno":1,"logger":"py.warnings"}
{"timestamp":"2025-09-27T13:06:08.389710Z","level":"warning","event":"The `airflow.operators.bash.BashOperator` attribute is deprecated. Please use `'airflow.providers.standard.operators.bash.BashOperator'`.","category":"DeprecatedImportWarning","filename":"/opt/airflow/dags/my_first_dag.py","lineno":2,"logger":"py.warnings"}
{"timestamp":"2025-09-27T13:06:39.225705Z","level":"info","event":"Filling up the DagBag from /opt/airflow/dags/my_first_dag.py","logger":"airflow.models.dagbag.DagBag","filename":"dagbag.py","lineno":593}
{"timestamp":"2025-09-27T13:06:39.294620Z","level":"warning","event":"The `airflow.decorators.dag` attribute is deprecated. Please use `'airflow.sdk.dag'`.","category":"DeprecatedImportWarning","filename":"/opt/airflow/dags/my_first_dag.py","lineno":1,"logger":"py.warnings"}
{"timestamp":"2025-09-27T13:06:39.295025Z","level":"warning","event":"The `airflow.decorators.task` attribute is deprecated. Please use `'airflow.sdk.task'`.","category":"DeprecatedImportWarning","filename":"/opt/airflow/dags/my_first_dag.py","lineno":1,"logger":"py.warnings"}
{"timestamp":"2025-09-27T13:06:39.295303Z","level":"warning","event":"The `airflow.operators.bash.BashOperator` attribute is deprecated. Please use `'airflow.providers.standard.operators.bash.BashOperator'`.","category":"DeprecatedImportWarning","filename":"/opt/airflow/dags/my_first_dag.py","lineno":2,"logger":"py.warnings"}
{"timestamp":"2025-09-27T13:07:10.143846Z","level":"info","event":"Filling up the DagBag from /opt/airflow/dags/my_first_dag.py","logger":"airflow.models.dagbag.DagBag","filename":"dagbag.py","lineno":593}
{"timestamp":"2025-09-27T13:07:10.215195Z","level":"warning","event":"The `airflow.decorators.dag` attribute is deprecated. Please use `'airflow.sdk.dag'`.","category":"DeprecatedImportWarning","filename":"/opt/airflow/dags/my_first_dag.py","lineno":1,"logger":"py.warnings"}
{"timestamp":"2025-09-27T13:07:10.215701Z","level":"warning","event":"The `airflow.decorators.task` attribute is deprecated. Please use `'airflow.sdk.task'`.","category":"DeprecatedImportWarning","filename":"/opt/airflow/dags/my_first_dag.py","lineno":1,"logger":"py.warnings"}
{"timestamp":"2025-09-27T13:07:10.216030Z","level":"warning","event":"The `airflow.operators.bash.BashOperator` attribute is deprecated. Please use `'airflow.providers.standard.operators.bash.BashOperator'`.","category":"DeprecatedImportWarning","filename":"/opt/airflow/dags/my_first_dag.py","lineno":2,"logger":"py.warnings"}
{"timestamp":"2025-09-27T13:07:41.098978Z","level":"info","event":"Filling up the DagBag from /opt/airflow/dags/my_first_dag.py","logger":"airflow.models.dagbag.DagBag","filename":"dagbag.py","lineno":593}
{"timestamp":"2025-09-27T13:07:41.161281Z","level":"warning","event":"The `airflow.decorators.dag` attribute is deprecated. Please use `'airflow.sdk.dag'`.","category":"DeprecatedImportWarning","filename":"/opt/airflow/dags/my_first_dag.py","lineno":1,"logger":"py.warnings"}
{"timestamp":"2025-09-27T13:07:41.161780Z","level":"warning","event":"The `airflow.decorators.task` attribute is deprecated. Please use `'airflow.sdk.task'`.","category":"DeprecatedImportWarning","filename":"/opt/airflow/dags/my_first_dag.py","lineno":1,"logger":"py.warnings"}
{"timestamp":"2025-09-27T13:07:41.162080Z","level":"warning","event":"The `airflow.operators.bash.BashOperator` attribute is deprecated. Please use `'airflow.providers.standard.operators.bash.BashOperator'`.","category":"DeprecatedImportWarning","filename":"/opt/airflow/dags/my_first_dag.py","lineno":2,"logger":"py.warnings"}
{"timestamp":"2025-09-27T13:08:12.047445Z","level":"info","event":"Filling up the DagBag from /opt/airflow/dags/my_first_dag.py","logger":"airflow.models.dagbag.DagBag","filename":"dagbag.py","lineno":593}
{"timestamp":"2025-09-27T13:08:12.123167Z","level":"warning","event":"The `airflow.decorators.dag` attribute is deprecated. Please use `'airflow.sdk.dag'`.","category":"DeprecatedImportWarning","filename":"/opt/airflow/dags/my_first_dag.py","lineno":1,"logger":"py.warnings"}
{"timestamp":"2025-09-27T13:08:12.123466Z","level":"warning","event":"The `airflow.decorators.task` attribute is deprecated. Please use `'airflow.sdk.task'`.","category":"DeprecatedImportWarning","filename":"/opt/airflow/dags/my_first_dag.py","lineno":1,"logger":"py.warnings"}
{"timestamp":"2025-09-27T13:08:12.123633Z","level":"warning","event":"The `airflow.operators.bash.BashOperator` attribute is deprecated. Please use `'airflow.providers.standard.operators.bash.BashOperator'`.","category":"DeprecatedImportWarning","filename":"/opt/airflow/dags/my_first_dag.py","lineno":2,"logger":"py.warnings"}
{"timestamp":"2025-09-27T13:08:43.048103Z","level":"info","event":"Filling up the DagBag from /opt/airflow/dags/my_first_dag.py","logger":"airflow.models.dagbag.DagBag","filename":"dagbag.py","lineno":593}
{"timestamp":"2025-09-27T13:08:43.119745Z","level":"warning","event":"The `airflow.decorators.dag` attribute is deprecated. Please use `'airflow.sdk.dag'`.","category":"DeprecatedImportWarning","filename":"/opt/airflow/dags/my_first_dag.py","lineno":1,"logger":"py.warnings"}
{"timestamp":"2025-09-27T13:08:43.120075Z","level":"warning","event":"The `airflow.decorators.task` attribute is deprecated. Please use `'airflow.sdk.task'`.","category":"DeprecatedImportWarning","filename":"/opt/airflow/dags/my_first_dag.py","lineno":1,"logger":"py.warnings"}
{"timestamp":"2025-09-27T13:08:43.120326Z","level":"warning","event":"The `airflow.operators.bash.BashOperator` attribute is deprecated. Please use `'airflow.providers.standard.operators.bash.BashOperator'`.","category":"DeprecatedImportWarning","filename":"/opt/airflow/dags/my_first_dag.py","lineno":2,"logger":"py.warnings"}
{"timestamp":"2025-09-27T13:09:14.023020Z","level":"info","event":"Filling up the DagBag from /opt/airflow/dags/my_first_dag.py","logger":"airflow.models.dagbag.DagBag","filename":"dagbag.py","lineno":593}
{"timestamp":"2025-09-27T13:09:14.096135Z","level":"warning","event":"The `airflow.decorators.dag` attribute is deprecated. Please use `'airflow.sdk.dag'`.","category":"DeprecatedImportWarning","filename":"/opt/airflow/dags/my_first_dag.py","lineno":1,"logger":"py.warnings"}
{"timestamp":"2025-09-27T13:09:14.096640Z","level":"warning","event":"The `airflow.decorators.task` attribute is deprecated. Please use `'airflow.sdk.task'`.","category":"DeprecatedImportWarning","filename":"/opt/airflow/dags/my_first_dag.py","lineno":1,"logger":"py.warnings"}
{"timestamp":"2025-09-27T13:09:14.096865Z","level":"warning","event":"The `airflow.operators.bash.BashOperator` attribute is deprecated. Please use `'airflow.providers.standard.operators.bash.BashOperator'`.","category":"DeprecatedImportWarning","filename":"/opt/airflow/dags/my_first_dag.py","lineno":2,"logger":"py.warnings"}
{"timestamp":"2025-09-27T13:09:45.064184Z","level":"info","event":"Filling up the DagBag from /opt/airflow/dags/my_first_dag.py","logger":"airflow.models.dagbag.DagBag","filename":"dagbag.py","lineno":593}
{"timestamp":"2025-09-27T13:09:45.130358Z","level":"warning","event":"The `airflow.decorators.dag` attribute is deprecated. Please use `'airflow.sdk.dag'`.","category":"DeprecatedImportWarning","filename":"/opt/airflow/dags/my_first_dag.py","lineno":1,"logger":"py.warnings"}
{"timestamp":"2025-09-27T13:09:45.130707Z","level":"warning","event":"The `airflow.decorators.task` attribute is deprecated. Please use `'airflow.sdk.task'`.","category":"DeprecatedImportWarning","filename":"/opt/airflow/dags/my_first_dag.py","lineno":1,"logger":"py.warnings"}
{"timestamp":"2025-09-27T13:09:45.130934Z","level":"warning","event":"The `airflow.operators.bash.BashOperator` attribute is deprecated. Please use `'airflow.providers.standard.operators.bash.BashOperator'`.","category":"DeprecatedImportWarning","filename":"/opt/airflow/dags/my_first_dag.py","lineno":2,"logger":"py.warnings"}
{"timestamp":"2025-09-27T13:10:16.018228Z","level":"info","event":"Filling up the DagBag from /opt/airflow/dags/my_first_dag.py","logger":"airflow.models.dagbag.DagBag","filename":"dagbag.py","lineno":593}
{"timestamp":"2025-09-27T13:10:16.087861Z","level":"warning","event":"The `airflow.decorators.dag` attribute is deprecated. Please use `'airflow.sdk.dag'`.","category":"DeprecatedImportWarning","filename":"/opt/airflow/dags/my_first_dag.py","lineno":1,"logger":"py.warnings"}
{"timestamp":"2025-09-27T13:10:16.088272Z","level":"warning","event":"The `airflow.decorators.task` attribute is deprecated. Please use `'airflow.sdk.task'`.","category":"DeprecatedImportWarning","filename":"/opt/airflow/dags/my_first_dag.py","lineno":1,"logger":"py.warnings"}
{"timestamp":"2025-09-27T13:10:16.088568Z","level":"warning","event":"The `airflow.operators.bash.BashOperator` attribute is deprecated. Please use `'airflow.providers.standard.operators.bash.BashOperator'`.","category":"DeprecatedImportWarning","filename":"/opt/airflow/dags/my_first_dag.py","lineno":2,"logger":"py.warnings"}
{"timestamp":"2025-09-27T13:10:46.975174Z","level":"info","event":"Filling up the DagBag from /opt/airflow/dags/my_first_dag.py","logger":"airflow.models.dagbag.DagBag","filename":"dagbag.py","lineno":593}
{"timestamp":"2025-09-27T13:10:47.039687Z","level":"warning","event":"The `airflow.decorators.dag` attribute is deprecated. Please use `'airflow.sdk.dag'`.","category":"DeprecatedImportWarning","filename":"/opt/airflow/dags/my_first_dag.py","lineno":1,"logger":"py.warnings"}
{"timestamp":"2025-09-27T13:10:47.040070Z","level":"warning","event":"The `airflow.decorators.task` attribute is deprecated. Please use `'airflow.sdk.task'`.","category":"DeprecatedImportWarning","filename":"/opt/airflow/dags/my_first_dag.py","lineno":1,"logger":"py.warnings"}
{"timestamp":"2025-09-27T13:10:47.040264Z","level":"warning","event":"The `airflow.operators.bash.BashOperator` attribute is deprecated. Please use `'airflow.providers.standard.operators.bash.BashOperator'`.","category":"DeprecatedImportWarning","filename":"/opt/airflow/dags/my_first_dag.py","lineno":2,"logger":"py.warnings"}
{"timestamp":"2025-09-27T13:11:17.946755Z","level":"info","event":"Filling up the DagBag from /opt/airflow/dags/my_first_dag.py","logger":"airflow.models.dagbag.DagBag","filename":"dagbag.py","lineno":593}
{"timestamp":"2025-09-27T13:11:18.008405Z","level":"warning","event":"The `airflow.decorators.dag` attribute is deprecated. Please use `'airflow.sdk.dag'`.","category":"DeprecatedImportWarning","filename":"/opt/airflow/dags/my_first_dag.py","lineno":1,"logger":"py.warnings"}
{"timestamp":"2025-09-27T13:11:18.008848Z","level":"warning","event":"The `airflow.decorators.task` attribute is deprecated. Please use `'airflow.sdk.task'`.","category":"DeprecatedImportWarning","filename":"/opt/airflow/dags/my_first_dag.py","lineno":1,"logger":"py.warnings"}
{"timestamp":"2025-09-27T13:11:18.009093Z","level":"warning","event":"The `airflow.operators.bash.BashOperator` attribute is deprecated. Please use `'airflow.providers.standard.operators.bash.BashOperator'`.","category":"DeprecatedImportWarning","filename":"/opt/airflow/dags/my_first_dag.py","lineno":2,"logger":"py.warnings"}
{"timestamp":"2025-09-27T13:11:48.880636Z","level":"info","event":"Filling up the DagBag from /opt/airflow/dags/my_first_dag.py","logger":"airflow.models.dagbag.DagBag","filename":"dagbag.py","lineno":593}
{"timestamp":"2025-09-27T13:11:48.957807Z","level":"warning","event":"The `airflow.decorators.dag` attribute is deprecated. Please use `'airflow.sdk.dag'`.","category":"DeprecatedImportWarning","filename":"/opt/airflow/dags/my_first_dag.py","lineno":1,"logger":"py.warnings"}
{"timestamp":"2025-09-27T13:11:48.958132Z","level":"warning","event":"The `airflow.decorators.task` attribute is deprecated. Please use `'airflow.sdk.task'`.","category":"DeprecatedImportWarning","filename":"/opt/airflow/dags/my_first_dag.py","lineno":1,"logger":"py.warnings"}
{"timestamp":"2025-09-27T13:11:48.958307Z","level":"warning","event":"The `airflow.operators.bash.BashOperator` attribute is deprecated. Please use `'airflow.providers.standard.operators.bash.BashOperator'`.","category":"DeprecatedImportWarning","filename":"/opt/airflow/dags/my_first_dag.py","lineno":2,"logger":"py.warnings"}
{"timestamp":"2025-09-27T13:12:19.879270Z","level":"info","event":"Filling up the DagBag from /opt/airflow/dags/my_first_dag.py","logger":"airflow.models.dagbag.DagBag","filename":"dagbag.py","lineno":593}
{"timestamp":"2025-09-27T13:12:19.960256Z","level":"warning","event":"The `airflow.decorators.dag` attribute is deprecated. Please use `'airflow.sdk.dag'`.","category":"DeprecatedImportWarning","filename":"/opt/airflow/dags/my_first_dag.py","lineno":1,"logger":"py.warnings"}
{"timestamp":"2025-09-27T13:12:19.960642Z","level":"warning","event":"The `airflow.decorators.task` attribute is deprecated. Please use `'airflow.sdk.task'`.","category":"DeprecatedImportWarning","filename":"/opt/airflow/dags/my_first_dag.py","lineno":1,"logger":"py.warnings"}
{"timestamp":"2025-09-27T13:12:19.960813Z","level":"warning","event":"The `airflow.operators.bash.BashOperator` attribute is deprecated. Please use `'airflow.providers.standard.operators.bash.BashOperator'`.","category":"DeprecatedImportWarning","filename":"/opt/airflow/dags/my_first_dag.py","lineno":2,"logger":"py.warnings"}
{"timestamp":"2025-09-27T13:12:50.801384Z","level":"info","event":"Filling up the DagBag from /opt/airflow/dags/my_first_dag.py","logger":"airflow.models.dagbag.DagBag","filename":"dagbag.py","lineno":593}
{"timestamp":"2025-09-27T13:12:50.864783Z","level":"warning","event":"The `airflow.decorators.dag` attribute is deprecated. Please use `'airflow.sdk.dag'`.","category":"DeprecatedImportWarning","filename":"/opt/airflow/dags/my_first_dag.py","lineno":1,"logger":"py.warnings"}
{"timestamp":"2025-09-27T13:12:50.865162Z","level":"warning","event":"The `airflow.decorators.task` attribute is deprecated. Please use `'airflow.sdk.task'`.","category":"DeprecatedImportWarning","filename":"/opt/airflow/dags/my_first_dag.py","lineno":1,"logger":"py.warnings"}
{"timestamp":"2025-09-27T13:12:50.865415Z","level":"warning","event":"The `airflow.operators.bash.BashOperator` attribute is deprecated. Please use `'airflow.providers.standard.operators.bash.BashOperator'`.","category":"DeprecatedImportWarning","filename":"/opt/airflow/dags/my_first_dag.py","lineno":2,"logger":"py.warnings"}
{"timestamp":"2025-09-27T13:13:21.695113Z","level":"info","event":"Filling up the DagBag from /opt/airflow/dags/my_first_dag.py","logger":"airflow.models.dagbag.DagBag","filename":"dagbag.py","lineno":593}
{"timestamp":"2025-09-27T13:13:21.764697Z","level":"warning","event":"The `airflow.decorators.dag` attribute is deprecated. Please use `'airflow.sdk.dag'`.","category":"DeprecatedImportWarning","filename":"/opt/airflow/dags/my_first_dag.py","lineno":1,"logger":"py.warnings"}
{"timestamp":"2025-09-27T13:13:21.765097Z","level":"warning","event":"The `airflow.decorators.task` attribute is deprecated. Please use `'airflow.sdk.task'`.","category":"DeprecatedImportWarning","filename":"/opt/airflow/dags/my_first_dag.py","lineno":1,"logger":"py.warnings"}
{"timestamp":"2025-09-27T13:13:21.765352Z","level":"warning","event":"The `airflow.operators.bash.BashOperator` attribute is deprecated. Please use `'airflow.providers.standard.operators.bash.BashOperator'`.","category":"DeprecatedImportWarning","filename":"/opt/airflow/dags/my_first_dag.py","lineno":2,"logger":"py.warnings"}
{"timestamp":"2025-09-27T13:13:52.593824Z","level":"info","event":"Filling up the DagBag from /opt/airflow/dags/my_first_dag.py","logger":"airflow.models.dagbag.DagBag","filename":"dagbag.py","lineno":593}
{"timestamp":"2025-09-27T13:13:52.659422Z","level":"warning","event":"The `airflow.decorators.dag` attribute is deprecated. Please use `'airflow.sdk.dag'`.","category":"DeprecatedImportWarning","filename":"/opt/airflow/dags/my_first_dag.py","lineno":1,"logger":"py.warnings"}
{"timestamp":"2025-09-27T13:13:52.659763Z","level":"warning","event":"The `airflow.decorators.task` attribute is deprecated. Please use `'airflow.sdk.task'`.","category":"DeprecatedImportWarning","filename":"/opt/airflow/dags/my_first_dag.py","lineno":1,"logger":"py.warnings"}
{"timestamp":"2025-09-27T13:13:52.659960Z","level":"warning","event":"The `airflow.operators.bash.BashOperator` attribute is deprecated. Please use `'airflow.providers.standard.operators.bash.BashOperator'`.","category":"DeprecatedImportWarning","filename":"/opt/airflow/dags/my_first_dag.py","lineno":2,"logger":"py.warnings"}
{"timestamp":"2025-09-27T13:14:23.556973Z","level":"info","event":"Filling up the DagBag from /opt/airflow/dags/my_first_dag.py","logger":"airflow.models.dagbag.DagBag","filename":"dagbag.py","lineno":593}
{"timestamp":"2025-09-27T13:14:23.631385Z","level":"warning","event":"The `airflow.decorators.dag` attribute is deprecated. Please use `'airflow.sdk.dag'`.","category":"DeprecatedImportWarning","filename":"/opt/airflow/dags/my_first_dag.py","lineno":1,"logger":"py.warnings"}
{"timestamp":"2025-09-27T13:14:23.631890Z","level":"warning","event":"The `airflow.decorators.task` attribute is deprecated. Please use `'airflow.sdk.task'`.","category":"DeprecatedImportWarning","filename":"/opt/airflow/dags/my_first_dag.py","lineno":1,"logger":"py.warnings"}
{"timestamp":"2025-09-27T13:14:23.632162Z","level":"warning","event":"The `airflow.operators.bash.BashOperator` attribute is deprecated. Please use `'airflow.providers.standard.operators.bash.BashOperator'`.","category":"DeprecatedImportWarning","filename":"/opt/airflow/dags/my_first_dag.py","lineno":2,"logger":"py.warnings"}
{"timestamp":"2025-09-27T13:28:37.100047","level":"info","event":"Filling up the DagBag from /opt/airflow/dags/my_first_dag.py","logger":"airflow.models.dagbag.DagBag"}
{"timestamp":"2025-09-27T13:29:16.832800","level":"info","event":"Filling up the DagBag from /opt/airflow/dags/my_first_dag.py","logger":"airflow.models.dagbag.DagBag"}
{"timestamp":"2025-09-27T13:29:47.214888","level":"info","event":"Filling up the DagBag from /opt/airflow/dags/my_first_dag.py","logger":"airflow.models.dagbag.DagBag"}
{"timestamp":"2025-09-27T13:30:17.719263","level":"info","event":"Filling up the DagBag from /opt/airflow/dags/my_first_dag.py","logger":"airflow.models.dagbag.DagBag"}
{"timestamp":"2025-09-27T13:30:48.187883","level":"info","event":"Filling up the DagBag from /opt/airflow/dags/my_first_dag.py","logger":"airflow.models.dagbag.DagBag"}
{"timestamp":"2025-09-27T13:31:18.644369","level":"info","event":"Filling up the DagBag from /opt/airflow/dags/my_first_dag.py","logger":"airflow.models.dagbag.DagBag"}
{"timestamp":"2025-09-27T13:31:48.969006","level":"info","event":"Filling up the DagBag from /opt/airflow/dags/my_first_dag.py","logger":"airflow.models.dagbag.DagBag"}
{"timestamp":"2025-09-27T13:35:06.590508","level":"info","event":"Filling up the DagBag from /opt/airflow/dags/my_first_dag.py","logger":"airflow.models.dagbag.DagBag"}
{"timestamp":"2025-09-27T13:35:42.779213","level":"info","event":"Filling up the DagBag from /opt/airflow/dags/my_first_dag.py","logger":"airflow.models.dagbag.DagBag"}
{"timestamp":"2025-09-27T13:36:13.015440","level":"info","event":"Filling up the DagBag from /opt/airflow/dags/my_first_dag.py","logger":"airflow.models.dagbag.DagBag"}
{"timestamp":"2025-09-27T13:36:43.333350","level":"info","event":"Filling up the DagBag from /opt/airflow/dags/my_first_dag.py","logger":"airflow.models.dagbag.DagBag"}
{"timestamp":"2025-09-27T13:37:13.847621","level":"info","event":"Filling up the DagBag from /opt/airflow/dags/my_first_dag.py","logger":"airflow.models.dagbag.DagBag"}
{"timestamp":"2025-09-27T13:37:44.194020","level":"info","event":"Filling up the DagBag from /opt/airflow/dags/my_first_dag.py","logger":"airflow.models.dagbag.DagBag"}
{"timestamp":"2025-09-27T13:38:14.510974","level":"info","event":"Filling up the DagBag from /opt/airflow/dags/my_first_dag.py","logger":"airflow.models.dagbag.DagBag"}
{"timestamp":"2025-09-27T13:38:45.257671","level":"info","event":"Filling up the DagBag from /opt/airflow/dags/my_first_dag.py","logger":"airflow.models.dagbag.DagBag"}
{"timestamp":"2025-09-27T13:39:16.284369","level":"info","event":"Filling up the DagBag from /opt/airflow/dags/my_first_dag.py","logger":"airflow.models.dagbag.DagBag"}
