{"timestamp":"2025-09-27T12:15:00.244848Z","level":"info","event":"Filling up the DagBag from /opt/airflow/dags/operator_bash.py","logger":"airflow.models.dagbag.DagBag","filename":"dagbag.py","lineno":593}
{"timestamp":"2025-09-27T12:15:00.311797Z","level":"warning","event":"The `airflow.decorators.dag` attribute is deprecated. Please use `'airflow.sdk.dag'`.","category":"DeprecatedImportWarning","filename":"/opt/airflow/dags/operator_bash.py","lineno":1,"logger":"py.warnings"}
{"timestamp":"2025-09-27T12:15:00.312041Z","level":"warning","event":"The `airflow.operators.bash.BashOperator` attribute is deprecated. Please use `'airflow.providers.standard.operators.bash.BashOperator'`.","category":"DeprecatedImportWarning","filename":"/opt/airflow/dags/operator_bash.py","lineno":2,"logger":"py.warnings"}
{"timestamp":"2025-09-27T12:15:35.466378Z","level":"info","event":"Filling up the DagBag from /opt/airflow/dags/operator_bash.py","logger":"airflow.models.dagbag.DagBag","filename":"dagbag.py","lineno":593}
{"timestamp":"2025-09-27T12:15:35.528681Z","level":"warning","event":"The `airflow.decorators.dag` attribute is deprecated. Please use `'airflow.sdk.dag'`.","category":"DeprecatedImportWarning","filename":"/opt/airflow/dags/operator_bash.py","lineno":1,"logger":"py.warnings"}
{"timestamp":"2025-09-27T12:15:35.529092Z","level":"warning","event":"The `airflow.operators.bash.BashOperator` attribute is deprecated. Please use `'airflow.providers.standard.operators.bash.BashOperator'`.","category":"DeprecatedImportWarning","filename":"/opt/airflow/dags/operator_bash.py","lineno":2,"logger":"py.warnings"}
{"timestamp":"2025-09-27T12:16:06.420737Z","level":"info","event":"Filling up the DagBag from /opt/airflow/dags/operator_bash.py","logger":"airflow.models.dagbag.DagBag","filename":"dagbag.py","lineno":593}
{"timestamp":"2025-09-27T12:16:06.463070Z","level":"warning","event":"The `airflow.decorators.dag` attribute is deprecated. Please use `'airflow.sdk.dag'`.","category":"DeprecatedImportWarning","filename":"/opt/airflow/dags/operator_bash.py","lineno":1,"logger":"py.warnings"}
{"timestamp":"2025-09-27T12:16:06.463401Z","level":"warning","event":"The `airflow.operators.bash.BashOperator` attribute is deprecated. Please use `'airflow.providers.standard.operators.bash.BashOperator'`.","category":"DeprecatedImportWarning","filename":"/opt/airflow/dags/operator_bash.py","lineno":2,"logger":"py.warnings"}
{"timestamp":"2025-09-27T12:16:37.377299Z","level":"info","event":"Filling up the DagBag from /opt/airflow/dags/operator_bash.py","logger":"airflow.models.dagbag.DagBag","filename":"dagbag.py","lineno":593}
{"timestamp":"2025-09-27T12:16:37.425977Z","level":"warning","event":"The `airflow.decorators.dag` attribute is deprecated. Please use `'airflow.sdk.dag'`.","category":"DeprecatedImportWarning","filename":"/opt/airflow/dags/operator_bash.py","lineno":1,"logger":"py.warnings"}
{"timestamp":"2025-09-27T12:16:37.426238Z","level":"warning","event":"The `airflow.operators.bash.BashOperator` attribute is deprecated. Please use `'airflow.providers.standard.operators.bash.BashOperator'`.","category":"DeprecatedImportWarning","filename":"/opt/airflow/dags/operator_bash.py","lineno":2,"logger":"py.warnings"}
{"timestamp":"2025-09-27T12:17:08.300331Z","level":"info","event":"Filling up the DagBag from /opt/airflow/dags/operator_bash.py","logger":"airflow.models.dagbag.DagBag","filename":"dagbag.py","lineno":593}
{"timestamp":"2025-09-27T12:17:08.342155Z","level":"warning","event":"The `airflow.decorators.dag` attribute is deprecated. Please use `'airflow.sdk.dag'`.","category":"DeprecatedImportWarning","filename":"/opt/airflow/dags/operator_bash.py","lineno":1,"logger":"py.warnings"}
{"timestamp":"2025-09-27T12:17:08.342494Z","level":"warning","event":"The `airflow.operators.bash.BashOperator` attribute is deprecated. Please use `'airflow.providers.standard.operators.bash.BashOperator'`.","category":"DeprecatedImportWarning","filename":"/opt/airflow/dags/operator_bash.py","lineno":2,"logger":"py.warnings"}
{"timestamp":"2025-09-27T12:17:39.203462Z","level":"info","event":"Filling up the DagBag from /opt/airflow/dags/operator_bash.py","logger":"airflow.models.dagbag.DagBag","filename":"dagbag.py","lineno":593}
{"timestamp":"2025-09-27T12:17:39.254707Z","level":"warning","event":"The `airflow.decorators.dag` attribute is deprecated. Please use `'airflow.sdk.dag'`.","category":"DeprecatedImportWarning","filename":"/opt/airflow/dags/operator_bash.py","lineno":1,"logger":"py.warnings"}
{"timestamp":"2025-09-27T12:17:39.255089Z","level":"warning","event":"The `airflow.operators.bash.BashOperator` attribute is deprecated. Please use `'airflow.providers.standard.operators.bash.BashOperator'`.","category":"DeprecatedImportWarning","filename":"/opt/airflow/dags/operator_bash.py","lineno":2,"logger":"py.warnings"}
{"timestamp":"2025-09-27T12:18:10.093998Z","level":"info","event":"Filling up the DagBag from /opt/airflow/dags/operator_bash.py","logger":"airflow.models.dagbag.DagBag","filename":"dagbag.py","lineno":593}
{"timestamp":"2025-09-27T12:18:10.140004Z","level":"warning","event":"The `airflow.decorators.dag` attribute is deprecated. Please use `'airflow.sdk.dag'`.","category":"DeprecatedImportWarning","filename":"/opt/airflow/dags/operator_bash.py","lineno":1,"logger":"py.warnings"}
{"timestamp":"2025-09-27T12:18:10.140415Z","level":"warning","event":"The `airflow.operators.bash.BashOperator` attribute is deprecated. Please use `'airflow.providers.standard.operators.bash.BashOperator'`.","category":"DeprecatedImportWarning","filename":"/opt/airflow/dags/operator_bash.py","lineno":2,"logger":"py.warnings"}
{"timestamp":"2025-09-27T12:18:41.054578Z","level":"info","event":"Filling up the DagBag from /opt/airflow/dags/operator_bash.py","logger":"airflow.models.dagbag.DagBag","filename":"dagbag.py","lineno":593}
{"timestamp":"2025-09-27T12:18:41.099945Z","level":"warning","event":"The `airflow.decorators.dag` attribute is deprecated. Please use `'airflow.sdk.dag'`.","category":"DeprecatedImportWarning","filename":"/opt/airflow/dags/operator_bash.py","lineno":1,"logger":"py.warnings"}
{"timestamp":"2025-09-27T12:18:41.100311Z","level":"warning","event":"The `airflow.operators.bash.BashOperator` attribute is deprecated. Please use `'airflow.providers.standard.operators.bash.BashOperator'`.","category":"DeprecatedImportWarning","filename":"/opt/airflow/dags/operator_bash.py","lineno":2,"logger":"py.warnings"}
{"timestamp":"2025-09-27T12:28:59.033116Z","level":"info","event":"Filling up the DagBag from /opt/airflow/dags/operator_bash.py","logger":"airflow.models.dagbag.DagBag","filename":"dagbag.py","lineno":593}
{"timestamp":"2025-09-27T12:29:34.303351Z","level":"info","event":"Filling up the DagBag from /opt/airflow/dags/operator_bash.py","logger":"airflow.models.dagbag.DagBag","filename":"dagbag.py","lineno":593}
{"timestamp":"2025-09-27T12:30:05.198994Z","level":"info","event":"Filling up the DagBag from /opt/airflow/dags/operator_bash.py","logger":"airflow.models.dagbag.DagBag","filename":"dagbag.py","lineno":593}
{"timestamp":"2025-09-27T12:30:36.112795Z","level":"info","event":"Filling up the DagBag from /opt/airflow/dags/operator_bash.py","logger":"airflow.models.dagbag.DagBag","filename":"dagbag.py","lineno":593}
{"timestamp":"2025-09-27T12:31:07.058690Z","level":"info","event":"Filling up the DagBag from /opt/airflow/dags/operator_bash.py","logger":"airflow.models.dagbag.DagBag","filename":"dagbag.py","lineno":593}
{"timestamp":"2025-09-27T12:37:12.850403Z","level":"info","event":"Filling up the DagBag from /opt/airflow/dags/operator_bash.py","logger":"airflow.models.dagbag.DagBag","filename":"dagbag.py","lineno":593}
{"timestamp":"2025-09-27T12:37:52.229500Z","level":"info","event":"Filling up the DagBag from /opt/airflow/dags/operator_bash.py","logger":"airflow.models.dagbag.DagBag","filename":"dagbag.py","lineno":593}
{"timestamp":"2025-09-27T12:38:23.223322Z","level":"info","event":"Filling up the DagBag from /opt/airflow/dags/operator_bash.py","logger":"airflow.models.dagbag.DagBag","filename":"dagbag.py","lineno":593}
{"timestamp":"2025-09-27T12:38:54.089838Z","level":"info","event":"Filling up the DagBag from /opt/airflow/dags/operator_bash.py","logger":"airflow.models.dagbag.DagBag","filename":"dagbag.py","lineno":593}
{"timestamp":"2025-09-27T12:39:25.137483Z","level":"info","event":"Filling up the DagBag from /opt/airflow/dags/operator_bash.py","logger":"airflow.models.dagbag.DagBag","filename":"dagbag.py","lineno":593}
{"timestamp":"2025-09-27T12:39:55.705762Z","level":"info","event":"Filling up the DagBag from /opt/airflow/dags/operator_bash.py","logger":"airflow.models.dagbag.DagBag","filename":"dagbag.py","lineno":593}
{"timestamp":"2025-09-27T12:40:28.150858Z","level":"info","event":"Filling up the DagBag from /opt/airflow/dags/operator_bash.py","logger":"airflow.models.dagbag.DagBag","filename":"dagbag.py","lineno":593}
{"timestamp":"2025-09-27T12:41:01.516480Z","level":"info","event":"Filling up the DagBag from /opt/airflow/dags/operator_bash.py","logger":"airflow.models.dagbag.DagBag","filename":"dagbag.py","lineno":593}
{"timestamp":"2025-09-27T12:41:32.363223Z","level":"info","event":"Filling up the DagBag from /opt/airflow/dags/operator_bash.py","logger":"airflow.models.dagbag.DagBag","filename":"dagbag.py","lineno":593}
{"timestamp":"2025-09-27T12:42:03.458200Z","level":"info","event":"Filling up the DagBag from /opt/airflow/dags/operator_bash.py","logger":"airflow.models.dagbag.DagBag","filename":"dagbag.py","lineno":593}
{"timestamp":"2025-09-27T12:42:33.754800Z","level":"info","event":"Filling up the DagBag from /opt/airflow/dags/operator_bash.py","logger":"airflow.models.dagbag.DagBag","filename":"dagbag.py","lineno":593}
{"timestamp":"2025-09-27T12:43:04.864492Z","level":"info","event":"Filling up the DagBag from /opt/airflow/dags/operator_bash.py","logger":"airflow.models.dagbag.DagBag","filename":"dagbag.py","lineno":593}
{"timestamp":"2025-09-27T12:43:35.892924Z","level":"info","event":"Filling up the DagBag from /opt/airflow/dags/operator_bash.py","logger":"airflow.models.dagbag.DagBag","filename":"dagbag.py","lineno":593}
{"timestamp":"2025-09-27T12:44:06.242204Z","level":"info","event":"Filling up the DagBag from /opt/airflow/dags/operator_bash.py","logger":"airflow.models.dagbag.DagBag","filename":"dagbag.py","lineno":593}
{"timestamp":"2025-09-27T12:44:36.656284Z","level":"info","event":"Filling up the DagBag from /opt/airflow/dags/operator_bash.py","logger":"airflow.models.dagbag.DagBag","filename":"dagbag.py","lineno":593}
{"timestamp":"2025-09-27T12:45:07.003361Z","level":"info","event":"Filling up the DagBag from /opt/airflow/dags/operator_bash.py","logger":"airflow.models.dagbag.DagBag","filename":"dagbag.py","lineno":593}
{"timestamp":"2025-09-27T12:45:37.303069Z","level":"info","event":"Filling up the DagBag from /opt/airflow/dags/operator_bash.py","logger":"airflow.models.dagbag.DagBag","filename":"dagbag.py","lineno":593}
{"timestamp":"2025-09-27T12:46:07.656079Z","level":"info","event":"Filling up the DagBag from /opt/airflow/dags/operator_bash.py","logger":"airflow.models.dagbag.DagBag","filename":"dagbag.py","lineno":593}
{"timestamp":"2025-09-27T12:46:37.913904Z","level":"info","event":"Filling up the DagBag from /opt/airflow/dags/operator_bash.py","logger":"airflow.models.dagbag.DagBag","filename":"dagbag.py","lineno":593}
{"timestamp":"2025-09-27T12:47:08.325466Z","level":"info","event":"Filling up the DagBag from /opt/airflow/dags/operator_bash.py","logger":"airflow.models.dagbag.DagBag","filename":"dagbag.py","lineno":593}
{"timestamp":"2025-09-27T12:50:35.544535Z","level":"info","event":"Filling up the DagBag from /opt/airflow/dags/operator_bash.py","logger":"airflow.models.dagbag.DagBag","filename":"dagbag.py","lineno":593}
{"timestamp":"2025-09-27T12:51:10.924372Z","level":"info","event":"Filling up the DagBag from /opt/airflow/dags/operator_bash.py","logger":"airflow.models.dagbag.DagBag","filename":"dagbag.py","lineno":593}
{"timestamp":"2025-09-27T12:51:41.838210Z","level":"info","event":"Filling up the DagBag from /opt/airflow/dags/operator_bash.py","logger":"airflow.models.dagbag.DagBag","filename":"dagbag.py","lineno":593}
{"timestamp":"2025-09-27T12:52:12.791418Z","level":"info","event":"Filling up the DagBag from /opt/airflow/dags/operator_bash.py","logger":"airflow.models.dagbag.DagBag","filename":"dagbag.py","lineno":593}
{"timestamp":"2025-09-27T12:52:43.459117Z","level":"info","event":"Filling up the DagBag from /opt/airflow/dags/operator_bash.py","logger":"airflow.models.dagbag.DagBag","filename":"dagbag.py","lineno":593}
{"timestamp":"2025-09-27T12:53:15.188990Z","level":"info","event":"Filling up the DagBag from /opt/airflow/dags/operator_bash.py","logger":"airflow.models.dagbag.DagBag","filename":"dagbag.py","lineno":593}
{"timestamp":"2025-09-27T12:53:46.048982Z","level":"info","event":"Filling up the DagBag from /opt/airflow/dags/operator_bash.py","logger":"airflow.models.dagbag.DagBag","filename":"dagbag.py","lineno":593}
{"timestamp":"2025-09-27T12:54:16.954673Z","level":"info","event":"Filling up the DagBag from /opt/airflow/dags/operator_bash.py","logger":"airflow.models.dagbag.DagBag","filename":"dagbag.py","lineno":593}
{"timestamp":"2025-09-27T12:54:47.879063Z","level":"info","event":"Filling up the DagBag from /opt/airflow/dags/operator_bash.py","logger":"airflow.models.dagbag.DagBag","filename":"dagbag.py","lineno":593}
{"timestamp":"2025-09-27T12:55:18.809666Z","level":"info","event":"Filling up the DagBag from /opt/airflow/dags/operator_bash.py","logger":"airflow.models.dagbag.DagBag","filename":"dagbag.py","lineno":593}
{"timestamp":"2025-09-27T12:55:49.731933Z","level":"info","event":"Filling up the DagBag from /opt/airflow/dags/operator_bash.py","logger":"airflow.models.dagbag.DagBag","filename":"dagbag.py","lineno":593}
{"timestamp":"2025-09-27T12:56:20.641429Z","level":"info","event":"Filling up the DagBag from /opt/airflow/dags/operator_bash.py","logger":"airflow.models.dagbag.DagBag","filename":"dagbag.py","lineno":593}
{"timestamp":"2025-09-27T12:56:51.626983Z","level":"info","event":"Filling up the DagBag from /opt/airflow/dags/operator_bash.py","logger":"airflow.models.dagbag.DagBag","filename":"dagbag.py","lineno":593}
{"timestamp":"2025-09-27T12:57:22.500981Z","level":"info","event":"Filling up the DagBag from /opt/airflow/dags/operator_bash.py","logger":"airflow.models.dagbag.DagBag","filename":"dagbag.py","lineno":593}
{"timestamp":"2025-09-27T12:57:53.412341Z","level":"info","event":"Filling up the DagBag from /opt/airflow/dags/operator_bash.py","logger":"airflow.models.dagbag.DagBag","filename":"dagbag.py","lineno":593}
{"timestamp":"2025-09-27T12:58:24.403750Z","level":"info","event":"Filling up the DagBag from /opt/airflow/dags/operator_bash.py","logger":"airflow.models.dagbag.DagBag","filename":"dagbag.py","lineno":593}
{"timestamp":"2025-09-27T12:58:55.312213Z","level":"info","event":"Filling up the DagBag from /opt/airflow/dags/operator_bash.py","logger":"airflow.models.dagbag.DagBag","filename":"dagbag.py","lineno":593}
{"timestamp":"2025-09-27T12:59:26.224985Z","level":"info","event":"Filling up the DagBag from /opt/airflow/dags/operator_bash.py","logger":"airflow.models.dagbag.DagBag","filename":"dagbag.py","lineno":593}
{"timestamp":"2025-09-27T12:59:57.127871Z","level":"info","event":"Filling up the DagBag from /opt/airflow/dags/operator_bash.py","logger":"airflow.models.dagbag.DagBag","filename":"dagbag.py","lineno":593}
{"timestamp":"2025-09-27T13:00:28.054773Z","level":"info","event":"Filling up the DagBag from /opt/airflow/dags/operator_bash.py","logger":"airflow.models.dagbag.DagBag","filename":"dagbag.py","lineno":593}
{"timestamp":"2025-09-27T13:00:58.996388Z","level":"info","event":"Filling up the DagBag from /opt/airflow/dags/operator_bash.py","logger":"airflow.models.dagbag.DagBag","filename":"dagbag.py","lineno":593}
{"timestamp":"2025-09-27T13:01:29.894182Z","level":"info","event":"Filling up the DagBag from /opt/airflow/dags/operator_bash.py","logger":"airflow.models.dagbag.DagBag","filename":"dagbag.py","lineno":593}
{"timestamp":"2025-09-27T13:02:00.778844Z","level":"info","event":"Filling up the DagBag from /opt/airflow/dags/operator_bash.py","logger":"airflow.models.dagbag.DagBag","filename":"dagbag.py","lineno":593}
{"timestamp":"2025-09-27T13:02:31.706267Z","level":"info","event":"Filling up the DagBag from /opt/airflow/dags/operator_bash.py","logger":"airflow.models.dagbag.DagBag","filename":"dagbag.py","lineno":593}
{"timestamp":"2025-09-27T13:03:02.602164Z","level":"info","event":"Filling up the DagBag from /opt/airflow/dags/operator_bash.py","logger":"airflow.models.dagbag.DagBag","filename":"dagbag.py","lineno":593}
{"timestamp":"2025-09-27T13:03:33.542292Z","level":"info","event":"Filling up the DagBag from /opt/airflow/dags/operator_bash.py","logger":"airflow.models.dagbag.DagBag","filename":"dagbag.py","lineno":593}
{"timestamp":"2025-09-27T13:04:04.482012Z","level":"info","event":"Filling up the DagBag from /opt/airflow/dags/operator_bash.py","logger":"airflow.models.dagbag.DagBag","filename":"dagbag.py","lineno":593}
{"timestamp":"2025-09-27T13:04:35.484623Z","level":"info","event":"Filling up the DagBag from /opt/airflow/dags/operator_bash.py","logger":"airflow.models.dagbag.DagBag","filename":"dagbag.py","lineno":593}
{"timestamp":"2025-09-27T13:05:06.418599Z","level":"info","event":"Filling up the DagBag from /opt/airflow/dags/operator_bash.py","logger":"airflow.models.dagbag.DagBag","filename":"dagbag.py","lineno":593}
{"timestamp":"2025-09-27T13:05:37.400218Z","level":"info","event":"Filling up the DagBag from /opt/airflow/dags/operator_bash.py","logger":"airflow.models.dagbag.DagBag","filename":"dagbag.py","lineno":593}
{"timestamp":"2025-09-27T13:06:08.355079Z","level":"info","event":"Filling up the DagBag from /opt/airflow/dags/operator_bash.py","logger":"airflow.models.dagbag.DagBag","filename":"dagbag.py","lineno":593}
{"timestamp":"2025-09-27T13:06:39.260560Z","level":"info","event":"Filling up the DagBag from /opt/airflow/dags/operator_bash.py","logger":"airflow.models.dagbag.DagBag","filename":"dagbag.py","lineno":593}
{"timestamp":"2025-09-27T13:07:10.188082Z","level":"info","event":"Filling up the DagBag from /opt/airflow/dags/operator_bash.py","logger":"airflow.models.dagbag.DagBag","filename":"dagbag.py","lineno":593}
{"timestamp":"2025-09-27T13:07:41.145575Z","level":"info","event":"Filling up the DagBag from /opt/airflow/dags/operator_bash.py","logger":"airflow.models.dagbag.DagBag","filename":"dagbag.py","lineno":593}
{"timestamp":"2025-09-27T13:08:12.090202Z","level":"info","event":"Filling up the DagBag from /opt/airflow/dags/operator_bash.py","logger":"airflow.models.dagbag.DagBag","filename":"dagbag.py","lineno":593}
{"timestamp":"2025-09-27T13:08:43.095536Z","level":"info","event":"Filling up the DagBag from /opt/airflow/dags/operator_bash.py","logger":"airflow.models.dagbag.DagBag","filename":"dagbag.py","lineno":593}
{"timestamp":"2025-09-27T13:09:14.077386Z","level":"info","event":"Filling up the DagBag from /opt/airflow/dags/operator_bash.py","logger":"airflow.models.dagbag.DagBag","filename":"dagbag.py","lineno":593}
{"timestamp":"2025-09-27T13:09:45.102151Z","level":"info","event":"Filling up the DagBag from /opt/airflow/dags/operator_bash.py","logger":"airflow.models.dagbag.DagBag","filename":"dagbag.py","lineno":593}
{"timestamp":"2025-09-27T13:10:16.062710Z","level":"info","event":"Filling up the DagBag from /opt/airflow/dags/operator_bash.py","logger":"airflow.models.dagbag.DagBag","filename":"dagbag.py","lineno":593}
{"timestamp":"2025-09-27T13:10:47.011729Z","level":"info","event":"Filling up the DagBag from /opt/airflow/dags/operator_bash.py","logger":"airflow.models.dagbag.DagBag","filename":"dagbag.py","lineno":593}
{"timestamp":"2025-09-27T13:11:17.979355Z","level":"info","event":"Filling up the DagBag from /opt/airflow/dags/operator_bash.py","logger":"airflow.models.dagbag.DagBag","filename":"dagbag.py","lineno":593}
{"timestamp":"2025-09-27T13:11:48.934187Z","level":"info","event":"Filling up the DagBag from /opt/airflow/dags/operator_bash.py","logger":"airflow.models.dagbag.DagBag","filename":"dagbag.py","lineno":593}
{"timestamp":"2025-09-27T13:12:19.934879Z","level":"info","event":"Filling up the DagBag from /opt/airflow/dags/operator_bash.py","logger":"airflow.models.dagbag.DagBag","filename":"dagbag.py","lineno":593}
{"timestamp":"2025-09-27T13:12:50.845623Z","level":"info","event":"Filling up the DagBag from /opt/airflow/dags/operator_bash.py","logger":"airflow.models.dagbag.DagBag","filename":"dagbag.py","lineno":593}
{"timestamp":"2025-09-27T13:13:21.745340Z","level":"info","event":"Filling up the DagBag from /opt/airflow/dags/operator_bash.py","logger":"airflow.models.dagbag.DagBag","filename":"dagbag.py","lineno":593}
{"timestamp":"2025-09-27T13:13:52.632271Z","level":"info","event":"Filling up the DagBag from /opt/airflow/dags/operator_bash.py","logger":"airflow.models.dagbag.DagBag","filename":"dagbag.py","lineno":593}
{"timestamp":"2025-09-27T13:14:23.598970Z","level":"info","event":"Filling up the DagBag from /opt/airflow/dags/operator_bash.py","logger":"airflow.models.dagbag.DagBag","filename":"dagbag.py","lineno":593}
{"timestamp":"2025-09-27T13:28:37.275208","level":"info","event":"Filling up the DagBag from /opt/airflow/dags/operator_bash.py","logger":"airflow.models.dagbag.DagBag"}
{"timestamp":"2025-09-27T13:29:16.507026","level":"info","event":"Filling up the DagBag from /opt/airflow/dags/operator_bash.py","logger":"airflow.models.dagbag.DagBag"}
{"timestamp":"2025-09-27T13:29:47.262893","level":"info","event":"Filling up the DagBag from /opt/airflow/dags/operator_bash.py","logger":"airflow.models.dagbag.DagBag"}
{"timestamp":"2025-09-27T13:30:17.756502","level":"info","event":"Filling up the DagBag from /opt/airflow/dags/operator_bash.py","logger":"airflow.models.dagbag.DagBag"}
{"timestamp":"2025-09-27T13:30:48.230012","level":"info","event":"Filling up the DagBag from /opt/airflow/dags/operator_bash.py","logger":"airflow.models.dagbag.DagBag"}
{"timestamp":"2025-09-27T13:31:18.689911","level":"info","event":"Filling up the DagBag from /opt/airflow/dags/operator_bash.py","logger":"airflow.models.dagbag.DagBag"}
{"timestamp":"2025-09-27T13:31:49.089997","level":"info","event":"Filling up the DagBag from /opt/airflow/dags/operator_bash.py","logger":"airflow.models.dagbag.DagBag"}
{"timestamp":"2025-09-27T13:35:06.663704","level":"info","event":"Filling up the DagBag from /opt/airflow/dags/operator_bash.py","logger":"airflow.models.dagbag.DagBag"}
{"timestamp":"2025-09-27T13:35:42.415090","level":"info","event":"Filling up the DagBag from /opt/airflow/dags/operator_bash.py","logger":"airflow.models.dagbag.DagBag"}
{"timestamp":"2025-09-27T13:36:12.910308","level":"info","event":"Filling up the DagBag from /opt/airflow/dags/operator_bash.py","logger":"airflow.models.dagbag.DagBag"}
{"timestamp":"2025-09-27T13:36:43.200016","level":"info","event":"Filling up the DagBag from /opt/airflow/dags/operator_bash.py","logger":"airflow.models.dagbag.DagBag"}
{"timestamp":"2025-09-27T13:37:13.889126","level":"info","event":"Filling up the DagBag from /opt/airflow/dags/operator_bash.py","logger":"airflow.models.dagbag.DagBag"}
{"timestamp":"2025-09-27T13:37:44.378382","level":"info","event":"Filling up the DagBag from /opt/airflow/dags/operator_bash.py","logger":"airflow.models.dagbag.DagBag"}
{"timestamp":"2025-09-27T13:38:14.674740","level":"info","event":"Filling up the DagBag from /opt/airflow/dags/operator_bash.py","logger":"airflow.models.dagbag.DagBag"}
{"timestamp":"2025-09-27T13:38:45.299233","level":"info","event":"Filling up the DagBag from /opt/airflow/dags/operator_bash.py","logger":"airflow.models.dagbag.DagBag"}
{"timestamp":"2025-09-27T13:39:16.327999","level":"info","event":"Filling up the DagBag from /opt/airflow/dags/operator_bash.py","logger":"airflow.models.dagbag.DagBag"}
{"timestamp":"2025-09-27T13:48:35.106174","level":"info","event":"Filling up the DagBag from /opt/airflow/dags/operator_bash.py","logger":"airflow.models.dagbag.DagBag"}
{"timestamp":"2025-09-27T13:49:11.366002","level":"info","event":"Filling up the DagBag from /opt/airflow/dags/operator_bash.py","logger":"airflow.models.dagbag.DagBag"}
{"timestamp":"2025-09-27T13:49:41.623258","level":"info","event":"Filling up the DagBag from /opt/airflow/dags/operator_bash.py","logger":"airflow.models.dagbag.DagBag"}
{"timestamp":"2025-09-27T13:50:12.347888","level":"info","event":"Filling up the DagBag from /opt/airflow/dags/operator_bash.py","logger":"airflow.models.dagbag.DagBag"}
{"timestamp":"2025-09-27T13:50:43.090054","level":"info","event":"Filling up the DagBag from /opt/airflow/dags/operator_bash.py","logger":"airflow.models.dagbag.DagBag"}
{"timestamp":"2025-09-27T13:51:13.769209","level":"info","event":"Filling up the DagBag from /opt/airflow/dags/operator_bash.py","logger":"airflow.models.dagbag.DagBag"}
{"timestamp":"2025-09-27T13:51:44.429231","level":"info","event":"Filling up the DagBag from /opt/airflow/dags/operator_bash.py","logger":"airflow.models.dagbag.DagBag"}
{"timestamp":"2025-09-27T13:52:15.104803","level":"info","event":"Filling up the DagBag from /opt/airflow/dags/operator_bash.py","logger":"airflow.models.dagbag.DagBag"}
{"timestamp":"2025-09-27T13:52:45.761240","level":"info","event":"Filling up the DagBag from /opt/airflow/dags/operator_bash.py","logger":"airflow.models.dagbag.DagBag"}
{"timestamp":"2025-09-27T13:53:16.454552","level":"info","event":"Filling up the DagBag from /opt/airflow/dags/operator_bash.py","logger":"airflow.models.dagbag.DagBag"}
{"timestamp":"2025-09-27T13:53:47.104777","level":"info","event":"Filling up the DagBag from /opt/airflow/dags/operator_bash.py","logger":"airflow.models.dagbag.DagBag"}
{"timestamp":"2025-09-27T13:54:00.549747","level":"info","event":"Filling up the DagBag from /opt/airflow/dags/operator_bash.py","logger":"airflow.models.dagbag.DagBag"}
{"timestamp":"2025-09-27T13:54:31.234381","level":"info","event":"Filling up the DagBag from /opt/airflow/dags/operator_bash.py","logger":"airflow.models.dagbag.DagBag"}
{"timestamp":"2025-09-27T13:55:01.912395","level":"info","event":"Filling up the DagBag from /opt/airflow/dags/operator_bash.py","logger":"airflow.models.dagbag.DagBag"}
{"timestamp":"2025-09-27T14:01:46.932576Z","level":"info","event":"Filling up the DagBag from /opt/airflow/dags/operator_bash.py","logger":"airflow.models.dagbag.DagBag","filename":"dagbag.py","lineno":593}
{"timestamp":"2025-09-27T14:02:21.892583Z","level":"info","event":"Filling up the DagBag from /opt/airflow/dags/operator_bash.py","logger":"airflow.models.dagbag.DagBag","filename":"dagbag.py","lineno":593}
{"timestamp":"2025-09-27T14:02:52.710805Z","level":"info","event":"Filling up the DagBag from /opt/airflow/dags/operator_bash.py","logger":"airflow.models.dagbag.DagBag","filename":"dagbag.py","lineno":593}
{"timestamp":"2025-09-27T14:03:23.391035Z","level":"info","event":"Filling up the DagBag from /opt/airflow/dags/operator_bash.py","logger":"airflow.models.dagbag.DagBag","filename":"dagbag.py","lineno":593}
{"timestamp":"2025-09-27T14:03:54.075824Z","level":"info","event":"Filling up the DagBag from /opt/airflow/dags/operator_bash.py","logger":"airflow.models.dagbag.DagBag","filename":"dagbag.py","lineno":593}
{"timestamp":"2025-09-27T14:15:40.812444Z","level":"info","event":"Filling up the DagBag from /opt/airflow/dags/operator_bash.py","logger":"airflow.models.dagbag.DagBag","filename":"dagbag.py","lineno":593}
{"timestamp":"2025-09-27T14:16:15.641171Z","level":"info","event":"Filling up the DagBag from /opt/airflow/dags/operator_bash.py","logger":"airflow.models.dagbag.DagBag","filename":"dagbag.py","lineno":593}
{"timestamp":"2025-09-27T14:16:46.338981Z","level":"info","event":"Filling up the DagBag from /opt/airflow/dags/operator_bash.py","logger":"airflow.models.dagbag.DagBag","filename":"dagbag.py","lineno":593}
{"timestamp":"2025-09-27T14:17:17.032438Z","level":"info","event":"Filling up the DagBag from /opt/airflow/dags/operator_bash.py","logger":"airflow.models.dagbag.DagBag","filename":"dagbag.py","lineno":593}
{"timestamp":"2025-09-27T14:17:47.463954Z","level":"info","event":"Filling up the DagBag from /opt/airflow/dags/operator_bash.py","logger":"airflow.models.dagbag.DagBag","filename":"dagbag.py","lineno":593}
{"timestamp":"2025-09-27T14:18:18.150309Z","level":"info","event":"Filling up the DagBag from /opt/airflow/dags/operator_bash.py","logger":"airflow.models.dagbag.DagBag","filename":"dagbag.py","lineno":593}
{"timestamp":"2025-09-27T14:18:48.840982Z","level":"info","event":"Filling up the DagBag from /opt/airflow/dags/operator_bash.py","logger":"airflow.models.dagbag.DagBag","filename":"dagbag.py","lineno":593}
{"timestamp":"2025-09-27T14:19:19.542703Z","level":"info","event":"Filling up the DagBag from /opt/airflow/dags/operator_bash.py","logger":"airflow.models.dagbag.DagBag","filename":"dagbag.py","lineno":593}
{"timestamp":"2025-09-27T14:19:50.248443Z","level":"info","event":"Filling up the DagBag from /opt/airflow/dags/operator_bash.py","logger":"airflow.models.dagbag.DagBag","filename":"dagbag.py","lineno":593}
{"timestamp":"2025-09-27T14:20:20.952753Z","level":"info","event":"Filling up the DagBag from /opt/airflow/dags/operator_bash.py","logger":"airflow.models.dagbag.DagBag","filename":"dagbag.py","lineno":593}
{"timestamp":"2025-09-27T14:20:51.658775Z","level":"info","event":"Filling up the DagBag from /opt/airflow/dags/operator_bash.py","logger":"airflow.models.dagbag.DagBag","filename":"dagbag.py","lineno":593}
{"timestamp":"2025-09-27T14:23:20.718935Z","level":"info","event":"Filling up the DagBag from /opt/airflow/dags/operator_bash.py","logger":"airflow.models.dagbag.DagBag","filename":"dagbag.py","lineno":593}
{"timestamp":"2025-09-27T14:23:55.539508Z","level":"info","event":"Filling up the DagBag from /opt/airflow/dags/operator_bash.py","logger":"airflow.models.dagbag.DagBag","filename":"dagbag.py","lineno":593}
{"timestamp":"2025-09-27T14:24:26.233257Z","level":"info","event":"Filling up the DagBag from /opt/airflow/dags/operator_bash.py","logger":"airflow.models.dagbag.DagBag","filename":"dagbag.py","lineno":593}
{"timestamp":"2025-09-27T14:24:56.925862Z","level":"info","event":"Filling up the DagBag from /opt/airflow/dags/operator_bash.py","logger":"airflow.models.dagbag.DagBag","filename":"dagbag.py","lineno":593}
{"timestamp":"2025-09-27T14:24:59.348073Z","level":"info","event":"Filling up the DagBag from /opt/airflow/dags/operator_bash.py","logger":"airflow.models.dagbag.DagBag","filename":"dagbag.py","lineno":593}
{"timestamp":"2025-09-27T14:25:30.029668Z","level":"info","event":"Filling up the DagBag from /opt/airflow/dags/operator_bash.py","logger":"airflow.models.dagbag.DagBag","filename":"dagbag.py","lineno":593}
{"timestamp":"2025-09-27T14:26:00.717592Z","level":"info","event":"Filling up the DagBag from /opt/airflow/dags/operator_bash.py","logger":"airflow.models.dagbag.DagBag","filename":"dagbag.py","lineno":593}
{"timestamp":"2025-09-27T14:26:31.363054Z","level":"info","event":"Filling up the DagBag from /opt/airflow/dags/operator_bash.py","logger":"airflow.models.dagbag.DagBag","filename":"dagbag.py","lineno":593}
{"timestamp":"2025-09-27T14:27:02.074487Z","level":"info","event":"Filling up the DagBag from /opt/airflow/dags/operator_bash.py","logger":"airflow.models.dagbag.DagBag","filename":"dagbag.py","lineno":593}
{"timestamp":"2025-09-27T14:27:32.780756Z","level":"info","event":"Filling up the DagBag from /opt/airflow/dags/operator_bash.py","logger":"airflow.models.dagbag.DagBag","filename":"dagbag.py","lineno":593}
{"timestamp":"2025-09-27T14:59:45.776931Z","level":"info","event":"Filling up the DagBag from /opt/airflow/dags/operator_bash.py","logger":"airflow.models.dagbag.DagBag","filename":"dagbag.py","lineno":593}
{"timestamp":"2025-09-27T15:00:20.978805Z","level":"info","event":"Filling up the DagBag from /opt/airflow/dags/operator_bash.py","logger":"airflow.models.dagbag.DagBag","filename":"dagbag.py","lineno":593}
{"timestamp":"2025-09-27T15:00:51.704967Z","level":"info","event":"Filling up the DagBag from /opt/airflow/dags/operator_bash.py","logger":"airflow.models.dagbag.DagBag","filename":"dagbag.py","lineno":593}
{"timestamp":"2025-09-27T15:01:22.435771Z","level":"info","event":"Filling up the DagBag from /opt/airflow/dags/operator_bash.py","logger":"airflow.models.dagbag.DagBag","filename":"dagbag.py","lineno":593}
{"timestamp":"2025-09-27T15:01:53.156989Z","level":"info","event":"Filling up the DagBag from /opt/airflow/dags/operator_bash.py","logger":"airflow.models.dagbag.DagBag","filename":"dagbag.py","lineno":593}
{"timestamp":"2025-09-27T15:02:23.870531Z","level":"info","event":"Filling up the DagBag from /opt/airflow/dags/operator_bash.py","logger":"airflow.models.dagbag.DagBag","filename":"dagbag.py","lineno":593}
{"timestamp":"2025-09-27T15:02:54.617710Z","level":"info","event":"Filling up the DagBag from /opt/airflow/dags/operator_bash.py","logger":"airflow.models.dagbag.DagBag","filename":"dagbag.py","lineno":593}
{"timestamp":"2025-09-27T15:03:25.356704Z","level":"info","event":"Filling up the DagBag from /opt/airflow/dags/operator_bash.py","logger":"airflow.models.dagbag.DagBag","filename":"dagbag.py","lineno":593}
{"timestamp":"2025-09-27T15:03:56.133835Z","level":"info","event":"Filling up the DagBag from /opt/airflow/dags/operator_bash.py","logger":"airflow.models.dagbag.DagBag","filename":"dagbag.py","lineno":593}
{"timestamp":"2025-09-27T15:04:26.859294Z","level":"info","event":"Filling up the DagBag from /opt/airflow/dags/operator_bash.py","logger":"airflow.models.dagbag.DagBag","filename":"dagbag.py","lineno":593}
{"timestamp":"2025-09-27T15:04:57.593416Z","level":"info","event":"Filling up the DagBag from /opt/airflow/dags/operator_bash.py","logger":"airflow.models.dagbag.DagBag","filename":"dagbag.py","lineno":593}
{"timestamp":"2025-09-27T15:05:28.301774Z","level":"info","event":"Filling up the DagBag from /opt/airflow/dags/operator_bash.py","logger":"airflow.models.dagbag.DagBag","filename":"dagbag.py","lineno":593}
{"timestamp":"2025-09-27T15:05:59.011049Z","level":"info","event":"Filling up the DagBag from /opt/airflow/dags/operator_bash.py","logger":"airflow.models.dagbag.DagBag","filename":"dagbag.py","lineno":593}
{"timestamp":"2025-09-27T15:06:29.702474Z","level":"info","event":"Filling up the DagBag from /opt/airflow/dags/operator_bash.py","logger":"airflow.models.dagbag.DagBag","filename":"dagbag.py","lineno":593}
{"timestamp":"2025-09-27T15:07:00.422522Z","level":"info","event":"Filling up the DagBag from /opt/airflow/dags/operator_bash.py","logger":"airflow.models.dagbag.DagBag","filename":"dagbag.py","lineno":593}
{"timestamp":"2025-09-27T15:07:31.149764Z","level":"info","event":"Filling up the DagBag from /opt/airflow/dags/operator_bash.py","logger":"airflow.models.dagbag.DagBag","filename":"dagbag.py","lineno":593}
{"timestamp":"2025-09-27T15:08:01.912056Z","level":"info","event":"Filling up the DagBag from /opt/airflow/dags/operator_bash.py","logger":"airflow.models.dagbag.DagBag","filename":"dagbag.py","lineno":593}
{"timestamp":"2025-09-27T15:08:32.640893Z","level":"info","event":"Filling up the DagBag from /opt/airflow/dags/operator_bash.py","logger":"airflow.models.dagbag.DagBag","filename":"dagbag.py","lineno":593}
{"timestamp":"2025-09-27T15:09:03.355831Z","level":"info","event":"Filling up the DagBag from /opt/airflow/dags/operator_bash.py","logger":"airflow.models.dagbag.DagBag","filename":"dagbag.py","lineno":593}
{"timestamp":"2025-09-27T15:09:34.089999Z","level":"info","event":"Filling up the DagBag from /opt/airflow/dags/operator_bash.py","logger":"airflow.models.dagbag.DagBag","filename":"dagbag.py","lineno":593}
{"timestamp":"2025-09-27T15:09:40.635288Z","level":"info","event":"Filling up the DagBag from /opt/airflow/dags/operator_bash.py","logger":"airflow.models.dagbag.DagBag","filename":"dagbag.py","lineno":593}
{"timestamp":"2025-09-27T15:09:50.391505Z","level":"info","event":"Filling up the DagBag from /opt/airflow/dags/operator_bash.py","logger":"airflow.models.dagbag.DagBag","filename":"dagbag.py","lineno":593}
{"timestamp":"2025-09-27T15:10:21.115875Z","level":"info","event":"Filling up the DagBag from /opt/airflow/dags/operator_bash.py","logger":"airflow.models.dagbag.DagBag","filename":"dagbag.py","lineno":593}
{"timestamp":"2025-09-27T15:10:51.831332Z","level":"info","event":"Filling up the DagBag from /opt/airflow/dags/operator_bash.py","logger":"airflow.models.dagbag.DagBag","filename":"dagbag.py","lineno":593}
{"timestamp":"2025-09-27T15:11:22.566201Z","level":"info","event":"Filling up the DagBag from /opt/airflow/dags/operator_bash.py","logger":"airflow.models.dagbag.DagBag","filename":"dagbag.py","lineno":593}
{"timestamp":"2025-09-27T15:11:53.294996Z","level":"info","event":"Filling up the DagBag from /opt/airflow/dags/operator_bash.py","logger":"airflow.models.dagbag.DagBag","filename":"dagbag.py","lineno":593}
{"timestamp":"2025-09-27T15:12:23.972316Z","level":"info","event":"Filling up the DagBag from /opt/airflow/dags/operator_bash.py","logger":"airflow.models.dagbag.DagBag","filename":"dagbag.py","lineno":593}
{"timestamp":"2025-09-27T15:12:54.683347Z","level":"info","event":"Filling up the DagBag from /opt/airflow/dags/operator_bash.py","logger":"airflow.models.dagbag.DagBag","filename":"dagbag.py","lineno":593}
{"timestamp":"2025-09-27T15:13:25.404258Z","level":"info","event":"Filling up the DagBag from /opt/airflow/dags/operator_bash.py","logger":"airflow.models.dagbag.DagBag","filename":"dagbag.py","lineno":593}
{"timestamp":"2025-09-27T15:13:56.125951Z","level":"info","event":"Filling up the DagBag from /opt/airflow/dags/operator_bash.py","logger":"airflow.models.dagbag.DagBag","filename":"dagbag.py","lineno":593}
{"timestamp":"2025-09-27T15:14:26.821262Z","level":"info","event":"Filling up the DagBag from /opt/airflow/dags/operator_bash.py","logger":"airflow.models.dagbag.DagBag","filename":"dagbag.py","lineno":593}
{"timestamp":"2025-09-27T15:14:57.530408Z","level":"info","event":"Filling up the DagBag from /opt/airflow/dags/operator_bash.py","logger":"airflow.models.dagbag.DagBag","filename":"dagbag.py","lineno":593}
{"timestamp":"2025-09-27T15:15:28.249892Z","level":"info","event":"Filling up the DagBag from /opt/airflow/dags/operator_bash.py","logger":"airflow.models.dagbag.DagBag","filename":"dagbag.py","lineno":593}
{"timestamp":"2025-09-27T15:15:58.993498Z","level":"info","event":"Filling up the DagBag from /opt/airflow/dags/operator_bash.py","logger":"airflow.models.dagbag.DagBag","filename":"dagbag.py","lineno":593}
{"timestamp":"2025-09-27T15:16:29.756645Z","level":"info","event":"Filling up the DagBag from /opt/airflow/dags/operator_bash.py","logger":"airflow.models.dagbag.DagBag","filename":"dagbag.py","lineno":593}
{"timestamp":"2025-09-27T15:17:00.459747Z","level":"info","event":"Filling up the DagBag from /opt/airflow/dags/operator_bash.py","logger":"airflow.models.dagbag.DagBag","filename":"dagbag.py","lineno":593}
{"timestamp":"2025-09-27T15:17:31.173009Z","level":"info","event":"Filling up the DagBag from /opt/airflow/dags/operator_bash.py","logger":"airflow.models.dagbag.DagBag","filename":"dagbag.py","lineno":593}
{"timestamp":"2025-09-27T15:18:01.898977Z","level":"info","event":"Filling up the DagBag from /opt/airflow/dags/operator_bash.py","logger":"airflow.models.dagbag.DagBag","filename":"dagbag.py","lineno":593}
{"timestamp":"2025-09-27T15:18:32.620097Z","level":"info","event":"Filling up the DagBag from /opt/airflow/dags/operator_bash.py","logger":"airflow.models.dagbag.DagBag","filename":"dagbag.py","lineno":593}
{"timestamp":"2025-09-27T15:19:03.370753Z","level":"info","event":"Filling up the DagBag from /opt/airflow/dags/operator_bash.py","logger":"airflow.models.dagbag.DagBag","filename":"dagbag.py","lineno":593}
{"timestamp":"2025-09-27T15:19:34.059597Z","level":"info","event":"Filling up the DagBag from /opt/airflow/dags/operator_bash.py","logger":"airflow.models.dagbag.DagBag","filename":"dagbag.py","lineno":593}
{"timestamp":"2025-09-27T15:20:04.747720Z","level":"info","event":"Filling up the DagBag from /opt/airflow/dags/operator_bash.py","logger":"airflow.models.dagbag.DagBag","filename":"dagbag.py","lineno":593}
{"timestamp":"2025-09-27T15:20:26.366769Z","level":"info","event":"Filling up the DagBag from /opt/airflow/dags/operator_bash.py","logger":"airflow.models.dagbag.DagBag","filename":"dagbag.py","lineno":593}
{"timestamp":"2025-09-27T15:20:57.121513Z","level":"info","event":"Filling up the DagBag from /opt/airflow/dags/operator_bash.py","logger":"airflow.models.dagbag.DagBag","filename":"dagbag.py","lineno":593}
{"timestamp":"2025-09-27T15:21:27.837366Z","level":"info","event":"Filling up the DagBag from /opt/airflow/dags/operator_bash.py","logger":"airflow.models.dagbag.DagBag","filename":"dagbag.py","lineno":593}
{"timestamp":"2025-09-27T15:21:58.529458Z","level":"info","event":"Filling up the DagBag from /opt/airflow/dags/operator_bash.py","logger":"airflow.models.dagbag.DagBag","filename":"dagbag.py","lineno":593}
{"timestamp":"2025-09-27T15:22:29.249527Z","level":"info","event":"Filling up the DagBag from /opt/airflow/dags/operator_bash.py","logger":"airflow.models.dagbag.DagBag","filename":"dagbag.py","lineno":593}
{"timestamp":"2025-09-27T15:22:45.778979Z","level":"info","event":"Filling up the DagBag from /opt/airflow/dags/operator_bash.py","logger":"airflow.models.dagbag.DagBag","filename":"dagbag.py","lineno":593}
{"timestamp":"2025-09-27T15:22:59.340392Z","level":"info","event":"Filling up the DagBag from /opt/airflow/dags/operator_bash.py","logger":"airflow.models.dagbag.DagBag","filename":"dagbag.py","lineno":593}
{"timestamp":"2025-09-27T15:23:10.768363Z","level":"info","event":"Filling up the DagBag from /opt/airflow/dags/operator_bash.py","logger":"airflow.models.dagbag.DagBag","filename":"dagbag.py","lineno":593}
{"timestamp":"2025-09-27T15:23:41.477602Z","level":"info","event":"Filling up the DagBag from /opt/airflow/dags/operator_bash.py","logger":"airflow.models.dagbag.DagBag","filename":"dagbag.py","lineno":593}
{"timestamp":"2025-09-27T15:23:44.780137Z","level":"info","event":"Filling up the DagBag from /opt/airflow/dags/operator_bash.py","logger":"airflow.models.dagbag.DagBag","filename":"dagbag.py","lineno":593}
{"timestamp":"2025-09-27T15:24:15.510357Z","level":"info","event":"Filling up the DagBag from /opt/airflow/dags/operator_bash.py","logger":"airflow.models.dagbag.DagBag","filename":"dagbag.py","lineno":593}
{"timestamp":"2025-09-27T15:24:46.219586Z","level":"info","event":"Filling up the DagBag from /opt/airflow/dags/operator_bash.py","logger":"airflow.models.dagbag.DagBag","filename":"dagbag.py","lineno":593}
{"timestamp":"2025-09-27T15:25:16.901378Z","level":"info","event":"Filling up the DagBag from /opt/airflow/dags/operator_bash.py","logger":"airflow.models.dagbag.DagBag","filename":"dagbag.py","lineno":593}
{"timestamp":"2025-09-27T15:25:47.639396Z","level":"info","event":"Filling up the DagBag from /opt/airflow/dags/operator_bash.py","logger":"airflow.models.dagbag.DagBag","filename":"dagbag.py","lineno":593}
{"timestamp":"2025-09-27T15:26:18.348807Z","level":"info","event":"Filling up the DagBag from /opt/airflow/dags/operator_bash.py","logger":"airflow.models.dagbag.DagBag","filename":"dagbag.py","lineno":593}
{"timestamp":"2025-09-27T15:26:49.046587Z","level":"info","event":"Filling up the DagBag from /opt/airflow/dags/operator_bash.py","logger":"airflow.models.dagbag.DagBag","filename":"dagbag.py","lineno":593}
{"timestamp":"2025-09-27T15:27:19.735870Z","level":"info","event":"Filling up the DagBag from /opt/airflow/dags/operator_bash.py","logger":"airflow.models.dagbag.DagBag","filename":"dagbag.py","lineno":593}
{"timestamp":"2025-09-27T15:27:50.417228Z","level":"info","event":"Filling up the DagBag from /opt/airflow/dags/operator_bash.py","logger":"airflow.models.dagbag.DagBag","filename":"dagbag.py","lineno":593}
{"timestamp":"2025-09-27T15:28:21.127761Z","level":"info","event":"Filling up the DagBag from /opt/airflow/dags/operator_bash.py","logger":"airflow.models.dagbag.DagBag","filename":"dagbag.py","lineno":593}
{"timestamp":"2025-09-27T15:28:51.816279Z","level":"info","event":"Filling up the DagBag from /opt/airflow/dags/operator_bash.py","logger":"airflow.models.dagbag.DagBag","filename":"dagbag.py","lineno":593}
{"timestamp":"2025-09-27T15:29:22.559131Z","level":"info","event":"Filling up the DagBag from /opt/airflow/dags/operator_bash.py","logger":"airflow.models.dagbag.DagBag","filename":"dagbag.py","lineno":593}
{"timestamp":"2025-09-27T15:29:53.350836Z","level":"info","event":"Filling up the DagBag from /opt/airflow/dags/operator_bash.py","logger":"airflow.models.dagbag.DagBag","filename":"dagbag.py","lineno":593}
{"timestamp":"2025-09-27T15:30:24.075385Z","level":"info","event":"Filling up the DagBag from /opt/airflow/dags/operator_bash.py","logger":"airflow.models.dagbag.DagBag","filename":"dagbag.py","lineno":593}
{"timestamp":"2025-09-27T15:30:54.806408Z","level":"info","event":"Filling up the DagBag from /opt/airflow/dags/operator_bash.py","logger":"airflow.models.dagbag.DagBag","filename":"dagbag.py","lineno":593}
{"timestamp":"2025-09-27T15:31:25.576362Z","level":"info","event":"Filling up the DagBag from /opt/airflow/dags/operator_bash.py","logger":"airflow.models.dagbag.DagBag","filename":"dagbag.py","lineno":593}
{"timestamp":"2025-09-27T15:31:56.276797Z","level":"info","event":"Filling up the DagBag from /opt/airflow/dags/operator_bash.py","logger":"airflow.models.dagbag.DagBag","filename":"dagbag.py","lineno":593}
{"timestamp":"2025-09-27T15:32:26.952741Z","level":"info","event":"Filling up the DagBag from /opt/airflow/dags/operator_bash.py","logger":"airflow.models.dagbag.DagBag","filename":"dagbag.py","lineno":593}
{"timestamp":"2025-09-27T15:32:57.640783Z","level":"info","event":"Filling up the DagBag from /opt/airflow/dags/operator_bash.py","logger":"airflow.models.dagbag.DagBag","filename":"dagbag.py","lineno":593}
{"timestamp":"2025-09-27T15:33:28.351415Z","level":"info","event":"Filling up the DagBag from /opt/airflow/dags/operator_bash.py","logger":"airflow.models.dagbag.DagBag","filename":"dagbag.py","lineno":593}
{"timestamp":"2025-09-27T15:33:59.055404Z","level":"info","event":"Filling up the DagBag from /opt/airflow/dags/operator_bash.py","logger":"airflow.models.dagbag.DagBag","filename":"dagbag.py","lineno":593}
{"timestamp":"2025-09-27T15:34:29.788277Z","level":"info","event":"Filling up the DagBag from /opt/airflow/dags/operator_bash.py","logger":"airflow.models.dagbag.DagBag","filename":"dagbag.py","lineno":593}
{"timestamp":"2025-09-27T15:35:00.494949Z","level":"info","event":"Filling up the DagBag from /opt/airflow/dags/operator_bash.py","logger":"airflow.models.dagbag.DagBag","filename":"dagbag.py","lineno":593}
{"timestamp":"2025-09-27T15:35:31.209901Z","level":"info","event":"Filling up the DagBag from /opt/airflow/dags/operator_bash.py","logger":"airflow.models.dagbag.DagBag","filename":"dagbag.py","lineno":593}
{"timestamp":"2025-09-27T15:36:01.913600Z","level":"info","event":"Filling up the DagBag from /opt/airflow/dags/operator_bash.py","logger":"airflow.models.dagbag.DagBag","filename":"dagbag.py","lineno":593}
{"timestamp":"2025-09-27T15:36:32.582158Z","level":"info","event":"Filling up the DagBag from /opt/airflow/dags/operator_bash.py","logger":"airflow.models.dagbag.DagBag","filename":"dagbag.py","lineno":593}
{"timestamp":"2025-09-27T15:37:03.276367Z","level":"info","event":"Filling up the DagBag from /opt/airflow/dags/operator_bash.py","logger":"airflow.models.dagbag.DagBag","filename":"dagbag.py","lineno":593}
{"timestamp":"2025-09-27T15:37:33.979441Z","level":"info","event":"Filling up the DagBag from /opt/airflow/dags/operator_bash.py","logger":"airflow.models.dagbag.DagBag","filename":"dagbag.py","lineno":593}
{"timestamp":"2025-09-27T15:38:04.715731Z","level":"info","event":"Filling up the DagBag from /opt/airflow/dags/operator_bash.py","logger":"airflow.models.dagbag.DagBag","filename":"dagbag.py","lineno":593}
{"timestamp":"2025-09-27T15:38:35.408397Z","level":"info","event":"Filling up the DagBag from /opt/airflow/dags/operator_bash.py","logger":"airflow.models.dagbag.DagBag","filename":"dagbag.py","lineno":593}
{"timestamp":"2025-09-27T15:39:06.113978Z","level":"info","event":"Filling up the DagBag from /opt/airflow/dags/operator_bash.py","logger":"airflow.models.dagbag.DagBag","filename":"dagbag.py","lineno":593}
{"timestamp":"2025-09-27T15:39:36.804824Z","level":"info","event":"Filling up the DagBag from /opt/airflow/dags/operator_bash.py","logger":"airflow.models.dagbag.DagBag","filename":"dagbag.py","lineno":593}
{"timestamp":"2025-09-27T15:40:07.498244Z","level":"info","event":"Filling up the DagBag from /opt/airflow/dags/operator_bash.py","logger":"airflow.models.dagbag.DagBag","filename":"dagbag.py","lineno":593}
{"timestamp":"2025-09-27T15:40:38.177031Z","level":"info","event":"Filling up the DagBag from /opt/airflow/dags/operator_bash.py","logger":"airflow.models.dagbag.DagBag","filename":"dagbag.py","lineno":593}
{"timestamp":"2025-09-27T15:41:08.875165Z","level":"info","event":"Filling up the DagBag from /opt/airflow/dags/operator_bash.py","logger":"airflow.models.dagbag.DagBag","filename":"dagbag.py","lineno":593}
{"timestamp":"2025-09-27T15:41:39.547283Z","level":"info","event":"Filling up the DagBag from /opt/airflow/dags/operator_bash.py","logger":"airflow.models.dagbag.DagBag","filename":"dagbag.py","lineno":593}
{"timestamp":"2025-09-27T15:42:10.264541Z","level":"info","event":"Filling up the DagBag from /opt/airflow/dags/operator_bash.py","logger":"airflow.models.dagbag.DagBag","filename":"dagbag.py","lineno":593}
{"timestamp":"2025-09-27T15:42:40.953114Z","level":"info","event":"Filling up the DagBag from /opt/airflow/dags/operator_bash.py","logger":"airflow.models.dagbag.DagBag","filename":"dagbag.py","lineno":593}
{"timestamp":"2025-09-27T15:43:11.647048Z","level":"info","event":"Filling up the DagBag from /opt/airflow/dags/operator_bash.py","logger":"airflow.models.dagbag.DagBag","filename":"dagbag.py","lineno":593}
{"timestamp":"2025-09-27T15:43:42.346106Z","level":"info","event":"Filling up the DagBag from /opt/airflow/dags/operator_bash.py","logger":"airflow.models.dagbag.DagBag","filename":"dagbag.py","lineno":593}
{"timestamp":"2025-09-27T15:44:13.044006Z","level":"info","event":"Filling up the DagBag from /opt/airflow/dags/operator_bash.py","logger":"airflow.models.dagbag.DagBag","filename":"dagbag.py","lineno":593}
{"timestamp":"2025-09-27T15:44:43.763975Z","level":"info","event":"Filling up the DagBag from /opt/airflow/dags/operator_bash.py","logger":"airflow.models.dagbag.DagBag","filename":"dagbag.py","lineno":593}
{"timestamp":"2025-09-27T15:45:14.432704Z","level":"info","event":"Filling up the DagBag from /opt/airflow/dags/operator_bash.py","logger":"airflow.models.dagbag.DagBag","filename":"dagbag.py","lineno":593}
{"timestamp":"2025-09-27T15:45:19.785224Z","level":"info","event":"Filling up the DagBag from /opt/airflow/dags/operator_bash.py","logger":"airflow.models.dagbag.DagBag","filename":"dagbag.py","lineno":593}
{"timestamp":"2025-09-27T15:45:50.475797Z","level":"info","event":"Filling up the DagBag from /opt/airflow/dags/operator_bash.py","logger":"airflow.models.dagbag.DagBag","filename":"dagbag.py","lineno":593}
{"timestamp":"2025-09-27T15:46:21.189096Z","level":"info","event":"Filling up the DagBag from /opt/airflow/dags/operator_bash.py","logger":"airflow.models.dagbag.DagBag","filename":"dagbag.py","lineno":593}
{"timestamp":"2025-09-27T15:46:51.910859Z","level":"info","event":"Filling up the DagBag from /opt/airflow/dags/operator_bash.py","logger":"airflow.models.dagbag.DagBag","filename":"dagbag.py","lineno":593}
{"timestamp":"2025-09-27T15:47:22.599051Z","level":"info","event":"Filling up the DagBag from /opt/airflow/dags/operator_bash.py","logger":"airflow.models.dagbag.DagBag","filename":"dagbag.py","lineno":593}
{"timestamp":"2025-09-27T15:47:47.202808Z","level":"info","event":"Filling up the DagBag from /opt/airflow/dags/operator_bash.py","logger":"airflow.models.dagbag.DagBag","filename":"dagbag.py","lineno":593}
{"timestamp":"2025-09-27T15:48:17.928288Z","level":"info","event":"Filling up the DagBag from /opt/airflow/dags/operator_bash.py","logger":"airflow.models.dagbag.DagBag","filename":"dagbag.py","lineno":593}
{"timestamp":"2025-09-27T15:48:48.626389Z","level":"info","event":"Filling up the DagBag from /opt/airflow/dags/operator_bash.py","logger":"airflow.models.dagbag.DagBag","filename":"dagbag.py","lineno":593}
{"timestamp":"2025-09-27T15:51:51.747612Z","level":"info","event":"Filling up the DagBag from /opt/airflow/dags/operator_bash.py","logger":"airflow.models.dagbag.DagBag","filename":"dagbag.py","lineno":593}
{"timestamp":"2025-09-27T15:52:26.276398Z","level":"info","event":"Filling up the DagBag from /opt/airflow/dags/operator_bash.py","logger":"airflow.models.dagbag.DagBag","filename":"dagbag.py","lineno":593}
{"timestamp":"2025-09-27T15:52:56.953749Z","level":"info","event":"Filling up the DagBag from /opt/airflow/dags/operator_bash.py","logger":"airflow.models.dagbag.DagBag","filename":"dagbag.py","lineno":593}
{"timestamp":"2025-09-27T15:53:27.683140Z","level":"info","event":"Filling up the DagBag from /opt/airflow/dags/operator_bash.py","logger":"airflow.models.dagbag.DagBag","filename":"dagbag.py","lineno":593}
{"timestamp":"2025-09-27T15:53:58.353327Z","level":"info","event":"Filling up the DagBag from /opt/airflow/dags/operator_bash.py","logger":"airflow.models.dagbag.DagBag","filename":"dagbag.py","lineno":593}
{"timestamp":"2025-09-27T15:54:29.047344Z","level":"info","event":"Filling up the DagBag from /opt/airflow/dags/operator_bash.py","logger":"airflow.models.dagbag.DagBag","filename":"dagbag.py","lineno":593}
{"timestamp":"2025-09-27T15:54:59.733731Z","level":"info","event":"Filling up the DagBag from /opt/airflow/dags/operator_bash.py","logger":"airflow.models.dagbag.DagBag","filename":"dagbag.py","lineno":593}
{"timestamp":"2025-09-27T15:55:05.113895Z","level":"info","event":"Filling up the DagBag from /opt/airflow/dags/operator_bash.py","logger":"airflow.models.dagbag.DagBag","filename":"dagbag.py","lineno":593}
{"timestamp":"2025-09-27T15:55:35.869719Z","level":"info","event":"Filling up the DagBag from /opt/airflow/dags/operator_bash.py","logger":"airflow.models.dagbag.DagBag","filename":"dagbag.py","lineno":593}
{"timestamp":"2025-09-27T15:56:06.633334Z","level":"info","event":"Filling up the DagBag from /opt/airflow/dags/operator_bash.py","logger":"airflow.models.dagbag.DagBag","filename":"dagbag.py","lineno":593}
{"timestamp":"2025-09-27T15:56:37.338155Z","level":"info","event":"Filling up the DagBag from /opt/airflow/dags/operator_bash.py","logger":"airflow.models.dagbag.DagBag","filename":"dagbag.py","lineno":593}
{"timestamp":"2025-09-27T15:57:08.065977Z","level":"info","event":"Filling up the DagBag from /opt/airflow/dags/operator_bash.py","logger":"airflow.models.dagbag.DagBag","filename":"dagbag.py","lineno":593}
{"timestamp":"2025-09-27T15:57:20.511993Z","level":"info","event":"Filling up the DagBag from /opt/airflow/dags/operator_bash.py","logger":"airflow.models.dagbag.DagBag","filename":"dagbag.py","lineno":593}
{"timestamp":"2025-09-27T15:57:51.201073Z","level":"info","event":"Filling up the DagBag from /opt/airflow/dags/operator_bash.py","logger":"airflow.models.dagbag.DagBag","filename":"dagbag.py","lineno":593}
{"timestamp":"2025-09-27T15:58:21.893927Z","level":"info","event":"Filling up the DagBag from /opt/airflow/dags/operator_bash.py","logger":"airflow.models.dagbag.DagBag","filename":"dagbag.py","lineno":593}
{"timestamp":"2025-09-27T15:58:52.627011Z","level":"info","event":"Filling up the DagBag from /opt/airflow/dags/operator_bash.py","logger":"airflow.models.dagbag.DagBag","filename":"dagbag.py","lineno":593}
